<?xml version="1.0" encoding="UTF-8"?>
<robot generator="Robot 7.4.1 (Python 3.12.10 on win32)" generated="2026-07-15T11:51:37.689787" rpa="false" schemaversion="5">
<suite id="s1" name="Tests" source="C:\Users\saint\progetti\IconifyNavigator\robot\tests">
<suite id="s1-s1" name="V0.0.1 Acceptance" source="C:\Users\saint\progetti\IconifyNavigator\robot\tests\v0.0.1_acceptance.robot">
<test id="s1-s1-t1" name="Application Loads Without Crashing" line="17">
<kw name="Open Iconify Navigator" owner="app" type="SETUP">
<kw name="New Browser" owner="Browser">
<msg time="2026-07-15T11:51:38.113996" level="INFO">{"browser": "chromium", "headless": false, "chromiumSandbox": false, "devtools": false, "handleSIGHUP": true, "handleSIGINT": true, "handleSIGTERM": true, "slowMo": 0.0, "timeout": 30000.0, "tracesDir": "C:\\Users\\saint\\progetti\\IconifyNavigator\\robot\\results\\react\\browser\\traces\\temp\\63c250a7-0b4f-4b0e-bcfd-cd4d68a84fae"}</msg>
<msg time="2026-07-15T11:51:38.163995" level="INFO">Starting Browser process C:\Users\saint\AppData\Roaming\Python\Python312\site-packages\Browser\wrapper\index.js using at 127.0.0.1:62623</msg>
<msg time="2026-07-15T11:51:40.049725" level="INFO">Successfully created browser with options: {"browser":"chromium","headless":false,"chromiumSandbox":false,"devtools":false,"handleSIGHUP":true,"handleSIGINT":true,"handleSIGTERM":true,"slowMo":0,"timeout":30000,"tracesDir":"C:\\Users\\saint\\progetti\\IconifyNavigator\\robot\\results\\react\\browser\\traces\\temp\\63c250a7-0b4f-4b0e-bcfd-cd4d68a84fae"}</msg>
<arg>${BROWSER_TYPE}</arg>
<arg>headless=${HEADLESS}</arg>
<tag>BrowserControl</tag>
<tag>Setter</tag>
<doc>Create a new playwright Browser with specified options.</doc>
<status status="PASS" start="2026-07-15T11:51:38.113019" elapsed="1.937705"/>
</kw>
<kw name="New Page" owner="Browser">
<msg time="2026-07-15T11:51:41.167520" level="INFO">Successfully initialized new page object and opened url: http://localhost:4300</msg>
<msg time="2026-07-15T11:51:41.167520" level="INFO">No context was open. New context was automatically opened when this page is created.</msg>
<arg>${APP_URL}</arg>
<tag>BrowserControl</tag>
<tag>Setter</tag>
<doc>Open a new Page.</doc>
<status status="PASS" start="2026-07-15T11:51:40.050724" elapsed="1.117795"/>
</kw>
<kw name="Wait For Elements State" owner="Browser">
<msg time="2026-07-15T11:51:41.257471" level="INFO">Waited for Element with selector h1 at state visible</msg>
<arg>h1</arg>
<arg>visible</arg>
<arg>timeout=10s</arg>
<tag>PageContent</tag>
<tag>Wait</tag>
<doc>Waits for the element found by ``selector`` to satisfy state option.</doc>
<status status="PASS" start="2026-07-15T11:51:41.168519" elapsed="0.088952"/>
</kw>
<doc>Opens a fresh browser window and navigates to the app.
Waits until the main heading is visible before returning.</doc>
<status status="PASS" start="2026-07-15T11:51:38.111995" elapsed="3.145476"/>
</kw>
<kw name="Get Text" owner="Browser">
<msg time="2026-07-15T11:51:41.316003" level="INFO">Text: ['Iconify Navigator']</msg>
<arg>h1</arg>
<arg>==</arg>
<arg>Iconify Navigator</arg>
<tag>Assertion</tag>
<tag>Getter</tag>
<tag>PageContent</tag>
<doc>Returns text attribute of the element found by ``selector``.</doc>
<status status="PASS" start="2026-07-15T11:51:41.258483" elapsed="0.058520"/>
</kw>
<kw name="Get Element Count" owner="Browser">
<arg>.error</arg>
<arg>==</arg>
<arg>0</arg>
<tag>Assertion</tag>
<tag>Getter</tag>
<tag>PageContent</tag>
<doc>Returns the count of elements found with ``selector``.</doc>
<status status="PASS" start="2026-07-15T11:51:41.318002" elapsed="0.011003"/>
</kw>
<kw name="Close Browser" owner="Browser" type="TEARDOWN">
<msg time="2026-07-15T11:51:41.903377" level="INFO">Closed browser</msg>
<tag>BrowserControl</tag>
<tag>Setter</tag>
<doc>Closes the current browser.</doc>
<status status="PASS" start="2026-07-15T11:51:41.330003" elapsed="0.573374"/>
</kw>
<doc>The main heading must be rendered and no error banner
must be visible after the page finishes loading.</doc>
<status status="PASS" start="2026-07-15T11:51:38.110997" elapsed="3.793382"/>
</test>
<test id="s1-s1-t2" name="Available Icon Sets Are Listed On Startup" line="23">
<kw name="Open Iconify Navigator" owner="app" type="SETUP">
<kw name="New Browser" owner="Browser">
<msg time="2026-07-15T11:51:41.956417" level="INFO">{"browser": "chromium", "headless": false, "chromiumSandbox": false, "devtools": false, "handleSIGHUP": true, "handleSIGINT": true, "handleSIGTERM": true, "slowMo": 0.0, "timeout": 30000.0, "tracesDir": "C:\\Users\\saint\\progetti\\IconifyNavigator\\robot\\results\\react\\browser\\traces\\temp\\44829712-3c18-4657-bc32-39a39eb079a6"}</msg>
<msg time="2026-07-15T11:51:42.881854" level="INFO">Successfully created browser with options: {"browser":"chromium","headless":false,"chromiumSandbox":false,"devtools":false,"handleSIGHUP":true,"handleSIGINT":true,"handleSIGTERM":true,"slowMo":0,"timeout":30000,"tracesDir":"C:\\Users\\saint\\progetti\\IconifyNavigator\\robot\\results\\react\\browser\\traces\\temp\\44829712-3c18-4657-bc32-39a39eb079a6"}</msg>
<arg>${BROWSER_TYPE}</arg>
<arg>headless=${HEADLESS}</arg>
<tag>BrowserControl</tag>
<tag>Setter</tag>
<doc>Create a new playwright Browser with specified options.</doc>
<status status="PASS" start="2026-07-15T11:51:41.954418" elapsed="0.929435"/>
</kw>
<kw name="New Page" owner="Browser">
<msg time="2026-07-15T11:51:43.887452" level="INFO">Successfully initialized new page object and opened url: http://localhost:4300</msg>
<msg time="2026-07-15T11:51:43.888452" level="INFO">No context was open. New context was automatically opened when this page is created.</msg>
<arg>${APP_URL}</arg>
<tag>BrowserControl</tag>
<tag>Setter</tag>
<doc>Open a new Page.</doc>
<status status="PASS" start="2026-07-15T11:51:42.885854" elapsed="1.002598"/>
</kw>
<kw name="Wait For Elements State" owner="Browser">
<msg time="2026-07-15T11:51:43.967136" level="INFO">Waited for Element with selector h1 at state visible</msg>
<arg>h1</arg>
<arg>visible</arg>
<arg>timeout=10s</arg>
<tag>PageContent</tag>
<tag>Wait</tag>
<doc>Waits for the element found by ``selector`` to satisfy state option.</doc>
<status status="PASS" start="2026-07-15T11:51:43.889451" elapsed="0.077685"/>
</kw>
<doc>Opens a fresh browser window and navigates to the app.
Waits until the main heading is visible before returning.</doc>
<status status="PASS" start="2026-07-15T11:51:41.953420" elapsed="2.013716"/>
</kw>
<kw name="Collections Are Loaded" owner="app">
<kw name="Wait For Elements State" owner="Browser">
<msg time="2026-07-15T11:51:46.367068" level="INFO">Waited for Element with selector .collection-card &gt;&gt; nth=0 at state visible</msg>
<arg>.collection-card &gt;&gt; nth=0</arg>
<arg>visible</arg>
<arg>timeout=${COLLECTIONS_TIMEOUT}</arg>
<tag>PageContent</tag>
<tag>Wait</tag>
<doc>Waits for the element found by ``selector`` to satisfy state option.</doc>
<status status="PASS" start="2026-07-15T11:51:43.969135" elapsed="2.397933"/>
</kw>
<doc>Blocks until at least one collection card is visible,
meaning the /collections API call has completed.
Uses &gt;&gt; nth=0 to target the first card and avoid strict-mode
violations (the API returns 200+ collections).</doc>
<status status="PASS" start="2026-07-15T11:51:43.968134" elapsed="2.398934"/>
</kw>
<kw name="Get Element Count" owner="Browser">
<arg>.collection-card</arg>
<arg>&gt;</arg>
<arg>0</arg>
<tag>Assertion</tag>
<tag>Getter</tag>
<tag>PageContent</tag>
<doc>Returns the count of elements found with ``selector``.</doc>
<status status="PASS" start="2026-07-15T11:51:46.367068" elapsed="0.008000"/>
</kw>
<kw name="Close Browser" owner="Browser" type="TEARDOWN">
<msg time="2026-07-15T11:51:46.886881" level="INFO">Closed browser</msg>
<tag>BrowserControl</tag>
<tag>Setter</tag>
<doc>Closes the current browser.</doc>
<status status="PASS" start="2026-07-15T11:51:46.376095" elapsed="0.510786"/>
</kw>
<doc>The collections list must contain at least one entry once
the /collections response has been received.</doc>
<status status="PASS" start="2026-07-15T11:51:41.945418" elapsed="4.941463"/>
</test>
<test id="s1-s1-t3" name="Icons Are Not Preloaded On Startup" line="29">
<kw name="Open Iconify Navigator" owner="app" type="SETUP">
<kw name="New Browser" owner="Browser">
<msg time="2026-07-15T11:51:46.903887" level="INFO">{"browser": "chromium", "headless": false, "chromiumSandbox": false, "devtools": false, "handleSIGHUP": true, "handleSIGINT": true, "handleSIGTERM": true, "slowMo": 0.0, "timeout": 30000.0, "tracesDir": "C:\\Users\\saint\\progetti\\IconifyNavigator\\robot\\results\\react\\browser\\traces\\temp\\8a9d34cf-6575-403b-8b80-df0520e6c403"}</msg>
<msg time="2026-07-15T11:51:47.719525" level="INFO">Successfully created browser with options: {"browser":"chromium","headless":false,"chromiumSandbox":false,"devtools":false,"handleSIGHUP":true,"handleSIGINT":true,"handleSIGTERM":true,"slowMo":0,"timeout":30000,"tracesDir":"C:\\Users\\saint\\progetti\\IconifyNavigator\\robot\\results\\react\\browser\\traces\\temp\\8a9d34cf-6575-403b-8b80-df0520e6c403"}</msg>
<arg>${BROWSER_TYPE}</arg>
<arg>headless=${HEADLESS}</arg>
<tag>BrowserControl</tag>
<tag>Setter</tag>
<doc>Create a new playwright Browser with specified options.</doc>
<status status="PASS" start="2026-07-15T11:51:46.902888" elapsed="0.816637"/>
</kw>
<kw name="New Page" owner="Browser">
<msg time="2026-07-15T11:51:48.951879" level="INFO">Successfully initialized new page object and opened url: http://localhost:4300</msg>
<msg time="2026-07-15T11:51:48.952878" level="INFO">No context was open. New context was automatically opened when this page is created.</msg>
<arg>${APP_URL}</arg>
<tag>BrowserControl</tag>
<tag>Setter</tag>
<doc>Open a new Page.</doc>
<status status="PASS" start="2026-07-15T11:51:47.720525" elapsed="1.232353"/>
</kw>
<kw name="Wait For Elements State" owner="Browser">
<msg time="2026-07-15T11:51:49.032933" level="INFO">Waited for Element with selector h1 at state visible</msg>
<arg>h1</arg>
<arg>visible</arg>
<arg>timeout=10s</arg>
<tag>PageContent</tag>
<tag>Wait</tag>
<doc>Waits for the element found by ``selector`` to satisfy state option.</doc>
<status status="PASS" start="2026-07-15T11:51:48.952878" elapsed="0.080055"/>
</kw>
<doc>Opens a fresh browser window and navigates to the app.
Waits until the main heading is visible before returning.</doc>
<status status="PASS" start="2026-07-15T11:51:46.901888" elapsed="2.132049"/>
</kw>
<kw name="Collections Are Loaded" owner="app">
<kw name="Wait For Elements State" owner="Browser">
<msg time="2026-07-15T11:51:51.466372" level="INFO">Waited for Element with selector .collection-card &gt;&gt; nth=0 at state visible</msg>
<arg>.collection-card &gt;&gt; nth=0</arg>
<arg>visible</arg>
<arg>timeout=${COLLECTIONS_TIMEOUT}</arg>
<tag>PageContent</tag>
<tag>Wait</tag>
<doc>Waits for the element found by ``selector`` to satisfy state option.</doc>
<status status="PASS" start="2026-07-15T11:51:49.035934" elapsed="2.430438"/>
</kw>
<doc>Blocks until at least one collection card is visible,
meaning the /collections API call has completed.
Uses &gt;&gt; nth=0 to target the first card and avoid strict-mode
violations (the API returns 200+ collections).</doc>
<status status="PASS" start="2026-07-15T11:51:49.033937" elapsed="2.432435"/>
</kw>
<kw name="Get Element Count" owner="Browser">
<arg>.right-panel .icon-img</arg>
<arg>==</arg>
<arg>0</arg>
<tag>Assertion</tag>
<tag>Getter</tag>
<tag>PageContent</tag>
<doc>Returns the count of elements found with ``selector``.</doc>
<status status="PASS" start="2026-07-15T11:51:51.467368" elapsed="0.012019"/>
</kw>
<kw name="Close Browser" owner="Browser" type="TEARDOWN">
<msg time="2026-07-15T11:51:52.018550" level="INFO">Closed browser</msg>
<tag>BrowserControl</tag>
<tag>Setter</tag>
<doc>Closes the current browser.</doc>
<status status="PASS" start="2026-07-15T11:51:51.479387" elapsed="0.540671"/>
</kw>
<doc>No full-size icon images must appear in the right panel before
the user explicitly opens a collection.
Collection cards may show preview thumbnails (.collection-preview-img)
but the right-panel icon grid (.icon-img) must remain empty.</doc>
<status status="PASS" start="2026-07-15T11:51:46.894882" elapsed="5.125176"/>
</test>
<doc>Acceptance tests for Iconify Navigator — release 0.0.1.

Criteria:
- The application must not crash.
- The application must not preload icon data on startup.
- The application must display the list of available icon sets
  fetched from the Iconify server using the /collections endpoint.

Prerequisites: the app must be running on http://localhost:4200.</doc>
<status status="PASS" start="2026-07-15T11:51:37.749505" elapsed="14.279562"/>
</suite>
<suite id="s1-s2" name="V0.0.2 Acceptance" source="C:\Users\saint\progetti\IconifyNavigator\robot\tests\v0.0.2_acceptance.robot">
<test id="s1-s2-t1" name="Collection Cards Show Name Label" line="21">
<kw name="Open Iconify Navigator" owner="app" type="SETUP">
<kw name="New Browser" owner="Browser">
<msg time="2026-07-15T11:51:52.062068" level="INFO">{"browser": "chromium", "headless": false, "chromiumSandbox": false, "devtools": false, "handleSIGHUP": true, "handleSIGINT": true, "handleSIGTERM": true, "slowMo": 0.0, "timeout": 30000.0, "tracesDir": "C:\\Users\\saint\\progetti\\IconifyNavigator\\robot\\results\\react\\browser\\traces\\temp\\d9082d6e-dd4f-4730-8b0f-adaf3c092fd7"}</msg>
<msg time="2026-07-15T11:51:52.920409" level="INFO">Successfully created browser with options: {"browser":"chromium","headless":false,"chromiumSandbox":false,"devtools":false,"handleSIGHUP":true,"handleSIGINT":true,"handleSIGTERM":true,"slowMo":0,"timeout":30000,"tracesDir":"C:\\Users\\saint\\progetti\\IconifyNavigator\\robot\\results\\react\\browser\\traces\\temp\\d9082d6e-dd4f-4730-8b0f-adaf3c092fd7"}</msg>
<arg>${BROWSER_TYPE}</arg>
<arg>headless=${HEADLESS}</arg>
<tag>BrowserControl</tag>
<tag>Setter</tag>
<doc>Create a new playwright Browser with specified options.</doc>
<status status="PASS" start="2026-07-15T11:51:52.061067" elapsed="0.859848"/>
</kw>
<kw name="New Page" owner="Browser">
<msg time="2026-07-15T11:51:53.890256" level="INFO">Successfully initialized new page object and opened url: http://localhost:4300</msg>
<msg time="2026-07-15T11:51:53.891257" level="INFO">No context was open. New context was automatically opened when this page is created.</msg>
<arg>${APP_URL}</arg>
<tag>BrowserControl</tag>
<tag>Setter</tag>
<doc>Open a new Page.</doc>
<status status="PASS" start="2026-07-15T11:51:52.920915" elapsed="0.970342"/>
</kw>
<kw name="Wait For Elements State" owner="Browser">
<msg time="2026-07-15T11:51:53.969318" level="INFO">Waited for Element with selector h1 at state visible</msg>
<arg>h1</arg>
<arg>visible</arg>
<arg>timeout=10s</arg>
<tag>PageContent</tag>
<tag>Wait</tag>
<doc>Waits for the element found by ``selector`` to satisfy state option.</doc>
<status status="PASS" start="2026-07-15T11:51:53.891257" elapsed="0.078061"/>
</kw>
<doc>Opens a fresh browser window and navigates to the app.
Waits until the main heading is visible before returning.</doc>
<status status="PASS" start="2026-07-15T11:51:52.060067" elapsed="1.910251"/>
</kw>
<kw name="Collections Are Loaded" owner="app">
<kw name="Wait For Elements State" owner="Browser">
<msg time="2026-07-15T11:51:56.398646" level="INFO">Waited for Element with selector .collection-card &gt;&gt; nth=0 at state visible</msg>
<arg>.collection-card &gt;&gt; nth=0</arg>
<arg>visible</arg>
<arg>timeout=${COLLECTIONS_TIMEOUT}</arg>
<tag>PageContent</tag>
<tag>Wait</tag>
<doc>Waits for the element found by ``selector`` to satisfy state option.</doc>
<status status="PASS" start="2026-07-15T11:51:53.971317" elapsed="2.427329"/>
</kw>
<doc>Blocks until at least one collection card is visible,
meaning the /collections API call has completed.
Uses &gt;&gt; nth=0 to target the first card and avoid strict-mode
violations (the API returns 200+ collections).</doc>
<status status="PASS" start="2026-07-15T11:51:53.970318" elapsed="2.428328"/>
</kw>
<kw name="Get Text" owner="Browser">
<msg time="2026-07-15T11:51:56.434756" level="INFO">Text: ['Name: Material Symbols\n\nCategory: Material\n\nTags: Has Padding\n\nOpen']</msg>
<arg>.collection-card &gt;&gt; nth=0</arg>
<arg>contains</arg>
<arg>Name:</arg>
<tag>Assertion</tag>
<tag>Getter</tag>
<tag>PageContent</tag>
<doc>Returns text attribute of the element found by ``selector``.</doc>
<status status="PASS" start="2026-07-15T11:51:56.398646" elapsed="0.037114"/>
</kw>
<kw name="Close Browser" owner="Browser" type="TEARDOWN">
<msg time="2026-07-15T11:51:56.969538" level="INFO">Closed browser</msg>
<tag>BrowserControl</tag>
<tag>Setter</tag>
<doc>Closes the current browser.</doc>
<status status="PASS" start="2026-07-15T11:51:56.435760" elapsed="0.533778"/>
</kw>
<doc>Every visible collection must display a "Name:" label so
the user can identify the icon set.</doc>
<status status="PASS" start="2026-07-15T11:51:52.054067" elapsed="4.916469"/>
</test>
<test id="s1-s2-t2" name="Collections List Shows Category And Tags Labels" line="27">
<kw name="Open Iconify Navigator" owner="app" type="SETUP">
<kw name="New Browser" owner="Browser">
<msg time="2026-07-15T11:51:56.988534" level="INFO">{"browser": "chromium", "headless": false, "chromiumSandbox": false, "devtools": false, "handleSIGHUP": true, "handleSIGINT": true, "handleSIGTERM": true, "slowMo": 0.0, "timeout": 30000.0, "tracesDir": "C:\\Users\\saint\\progetti\\IconifyNavigator\\robot\\results\\react\\browser\\traces\\temp\\50a1dfa4-12b6-469d-a2c0-055593fdb99e"}</msg>
<msg time="2026-07-15T11:51:57.712870" level="INFO">Successfully created browser with options: {"browser":"chromium","headless":false,"chromiumSandbox":false,"devtools":false,"handleSIGHUP":true,"handleSIGINT":true,"handleSIGTERM":true,"slowMo":0,"timeout":30000,"tracesDir":"C:\\Users\\saint\\progetti\\IconifyNavigator\\robot\\results\\react\\browser\\traces\\temp\\50a1dfa4-12b6-469d-a2c0-055593fdb99e"}</msg>
<arg>${BROWSER_TYPE}</arg>
<arg>headless=${HEADLESS}</arg>
<tag>BrowserControl</tag>
<tag>Setter</tag>
<doc>Create a new playwright Browser with specified options.</doc>
<status status="PASS" start="2026-07-15T11:51:56.987535" elapsed="0.726334"/>
</kw>
<kw name="New Page" owner="Browser">
<msg time="2026-07-15T11:51:58.615696" level="INFO">Successfully initialized new page object and opened url: http://localhost:4300</msg>
<msg time="2026-07-15T11:51:58.615696" level="INFO">No context was open. New context was automatically opened when this page is created.</msg>
<arg>${APP_URL}</arg>
<tag>BrowserControl</tag>
<tag>Setter</tag>
<doc>Open a new Page.</doc>
<status status="PASS" start="2026-07-15T11:51:57.713869" elapsed="0.901827"/>
</kw>
<kw name="Wait For Elements State" owner="Browser">
<msg time="2026-07-15T11:51:58.707408" level="INFO">Waited for Element with selector h1 at state visible</msg>
<arg>h1</arg>
<arg>visible</arg>
<arg>timeout=10s</arg>
<tag>PageContent</tag>
<tag>Wait</tag>
<doc>Waits for the element found by ``selector`` to satisfy state option.</doc>
<status status="PASS" start="2026-07-15T11:51:58.616695" elapsed="0.091713"/>
</kw>
<doc>Opens a fresh browser window and navigates to the app.
Waits until the main heading is visible before returning.</doc>
<status status="PASS" start="2026-07-15T11:51:56.986537" elapsed="1.721871"/>
</kw>
<kw name="Collections Are Loaded" owner="app">
<kw name="Wait For Elements State" owner="Browser">
<msg time="2026-07-15T11:52:01.099965" level="INFO">Waited for Element with selector .collection-card &gt;&gt; nth=0 at state visible</msg>
<arg>.collection-card &gt;&gt; nth=0</arg>
<arg>visible</arg>
<arg>timeout=${COLLECTIONS_TIMEOUT}</arg>
<tag>PageContent</tag>
<tag>Wait</tag>
<doc>Waits for the element found by ``selector`` to satisfy state option.</doc>
<status status="PASS" start="2026-07-15T11:51:58.709407" elapsed="2.391468"/>
</kw>
<doc>Blocks until at least one collection card is visible,
meaning the /collections API call has completed.
Uses &gt;&gt; nth=0 to target the first card and avoid strict-mode
violations (the API returns 200+ collections).</doc>
<status status="PASS" start="2026-07-15T11:51:58.708408" elapsed="2.392467"/>
</kw>
<kw name="Get Text" owner="Browser">
<msg time="2026-07-15T11:52:01.135406" level="INFO">Text: ['Name: Material Symbols\n\nCategory: Material\n\nTags: Has Padding\n\nOpen\n\nName: Material Symbols Light\n\nCategory: Material\n\nTags: Precise Shapes, Has Padding\n\nOpen\n\nName: Google Material Icons\n\nCategory: Material\n\nOpen\n\nName: Material Design Icons\n\nCategory: Material\n\nTags: Precise Shapes, Has Padding\n\nOpen\n\nName: Material Design Light\n\nCategory: Material\n\nTags: Precise Shapes, Has Padding\n\nOpen\n\nName: Material Line Icons\n\nCategory: Material\n\nTags: Precise Shapes, Has Padding, Uses Stroke, Contains Animations\n\nOpen\n\nName: Solar\n\nCategory: UI 24px\n\nTags: Has Padding, Uses Stroke\n\nOpen\n\nName: Tabler Icons\n\nCategory: UI 24px\n\nTags: Precise Shapes, Has Padding, Uses Stroke\n\nOpen\n\nName: Boxicons\n\nCategory: UI 24px\n\nTags: Precise Shapes, Has Padding\n\nOpen\n\nName: MingCute Icon\n\nCategory: UI 24px\n\nTags: Precise Shapes, Has Padding\n\nOpen\n\nName: Remix Icon\n\nCategory: UI 24px\n\nTags: Precise Shapes, Has Padding\n\nOpen\n\nName: Myna UI Icons\n\nCategory: UI 24px\n\nTags: Has Padding, Uses Stroke\n\nOpen\n\nName: IconaMoon\n\nCategory: UI 24px\n\nTags: Has Padding, Uses Stroke\n\nOpen\n\nName: Iconoir\n\nCategory: UI 24px\n\nTags: Has Padding, Uses Stroke\n\nOpen\n\nName: Lucide\n\nCategory: UI 24px\n\nTags: Precise Shapes, Has Padding, Uses Stroke\n\nOpen\n\nName: Lucide Lab\n\nCategory: UI 24px\n\nTags: Precise Shapes, Has Padding, Uses Stroke\n\nOpen\n\nName: Unicons\n\nCategory: UI 24px\n\nTags: Has Padding\n\nOpen\n\nName: TDesign Icons\n\nCategory: UI 24px\n\nTags: Uses Stroke\n\nOpen\n\nName: Sargam Icons\n\nCategory: UI 24px\n\nTags: Has Padding, Uses Stroke\n\nOpen\n\nName: Majesticons\n\nCategory: UI 24px\n\nTags: Precise Shapes, Has Padding, Uses Stroke\n\nOpen\n\nName: css.gg\n\nCategory: UI 24px\n\nTags: Precise Shapes, Has Padding\n\nOpen\n\nName: Flowbite Icons\n\nCategory: UI 24px\n\nTags: Uses Stroke\n\nOpen\n\nName: Basil\n\nCategory: UI 24px\n\nTags: Has Padding\n\nOpen\n\nName: Pixelarticons\n\nCategory: UI 24px\n\nTags: Precise Shapes, Has Padding\n\nOpen\n\nName: Pixel Icon\n\nCategory: UI 24px\n\nTags: Precise Shapes, Has Padding\n\nOpen\n\nName: Akar Icons\n\nCategory: UI 24px\n\nTags: Precise Shapes, Has Padding, Uses Stroke\n\nOpen\n\nName: coolicons\n\nCategory: UI 24px\n\nTags: Precise Shapes, Has Padding, Uses Stroke\n\nOpen\n\nName: ProIcons\n\nCategory: UI 24px\n\nTags: Precise Shapes, Has Padding, Uses Stroke\n\nOpen\n\nName: Typicons\n\nCategory: UI 24px\n\nTags: Precise Shapes, Has Padding\n\nOpen\n\nName: Meteor Icons\n\nCategory: UI 24px\n\nTags: Precise Shapes, Has Padding, Uses Stroke\n\nOpen\n\nName: Prime Icons\n\nCategory: UI 24px\n\nTags: Has Padding\n\nOpen\n\nName: Circum Icons\n\nCategory: UI 24px\n\nTags: Has Padding\n\nOpen\n\nName: Feather Icon\n\nCategory: UI 24px\n\nTags: Precise Shapes, Has Padding\n\nOpen\n\nName: EOS Icons\n\nCategory: UI 24px\n\nOpen\n\nName: Bitcoin Icons\n\nCategory: UI 24px\n\nTags: Precise Shapes, Has Padding\n\nOpen\n\nName: Humbleicons\n\nCategory: UI 24px\n\nTags: Precise Shapes, Has Padding, Uses Stroke\n\nOpen\n\nName: Unicons Monochrome\n\nCategory: UI 24px\n\nTags: Has Padding\n\nOpen\n\nName: Unicons Thin Line\n\nCategory: UI 24px\n\nTags: Has Padding\n\nOpen\n\nName: Unicons Solid\n\nCategory: UI 24px\n\nTags: Has Padding\n\nOpen\n\nName: Gridicons\n\nCategory: UI 24px\n\nTags: Precise Shapes, Has Padding\n\nOpen\n\nName: Mono Icons\n\nCategory: UI 24px\n\nTags: Precise Shapes, Has Padding\n\nOpen\n\nName: Cuida Icons\n\nCategory: UI 24px\n\nTags: Precise Shapes, Has Padding\n\nOpen\n\nName: WeUI Icon\n\nCategory: UI 24px\n\nTags: Has Padding\n\nOpen\n\nName: Duoicons\n\nCategory: UI 24px\n\nTags: Precise Shapes, Has Padding\n\nOpen\n\nName: SVG Spinners\n\nCategory: UI 24px\n\nTags: Precise Shapes, Has Padding, Contains Animations\n\nOpen\n\nName: Huge Icons\n\nCategory: UI 24px\n\nTags: Has Padding, Uses Stroke\n\nOpen\n\nName: Lets Icons\n\nCategory: UI 24px\n\nTags: Has Padding, Uses Stroke\n\nOpen\n\nName: Ultimate free icons\n\nCategory: UI 24px\n\nTags: Uses Stroke\n\nOpen\n\nName: Plump free icons\n\nCategory: UI 24px\n\nOpen\n\nName: Sharp free icons\n\nCategory: UI 24px\n\nOpen\n\nName: Mage Icons\n\nCategory: UI 24px\n\nTags: Has Padding, Uses Stroke\n\nOpen\n\nName: Stash Icons\n\nCategory: UI 24px\n\nTags: Precise Shapes, Has Padding\n\nOpen\n\nName: Lineicons\n\nCategory: UI 24px\n\nTags: Has Padding\n\nOpen\n\nName: WordPress Icons\n\nCategory: UI 24px\n\nTags: Has Padding\n\nOpen\n\nName: IconPark Outline\n\nCategory: UI 24px\n\nTags: Precise Shapes, Has Padding, Uses Stroke\n\nOpen\n\nName: IconPark Solid\n\nCategory: UI 24px\n\nTags: Precise Shapes, Has Padding, Uses Stroke\n\nOpen\n\nName: IconPark TwoTone\n\nCategory: UI 24px\n\nTags: Precise Shapes, Has Padding, Uses Stroke\n\nOpen\n\nName: Jam Icons\n\nCategory: UI 24px\n\nTags: Has Padding\n\nOpen\n\nName: Cyber free icons\n\nCategory: UI 24px\n\nTags: Precise Shapes\n\nOpen\n\nName: Guidance\n\nCategory: UI 24px\n\nTags: Precise Shapes\n\nOpen\n\nName: Carbon\n\nCategory: UI 16px / 32px\n\nTags: Precise Shapes, Has Padding\n\nOpen\n\nName: IonIcons\n\nCategory: UI 16px / 32px\n\nTags: Precise Shapes, Has Padding\n\nOpen\n\nName: Famicons\n\nCategory: UI 16px / 32px\n\nTags: Precise Shapes, Has Padding\n\nOpen\n\nName: Ant Design Icons\n\nCategory: UI 16px / 32px\n\nTags: Has Padding\n\nOpen\n\nName: Lsicon\n\nCategory: UI 16px / 32px\n\nTags: Precise Shapes, Has Padding\n\nOpen\n\nName: Gravity UI Icons\n\nCategory: UI 16px / 32px\n\nTags: Precise Shapes, Has Padding\n\nOpen\n\nName: CoreUI Free\n\nCategory: UI 16px / 32px\n\nOpen\n\nName: @icons\n\nCategory: UI 16px / 32px\n\nTags: Precise Shapes, Has Padding\n\nOpen\n\nName: Element Plus\n\nCategory: UI 16px / 32px\n\nTags: Precise Shapes, Has Padding\n\nOpen\n\nName: Charm Icons\n\nCategory: UI 16px / 32px\n\nTags: Has Padding, Uses Stroke\n\nOpen\n\nName: Quill Icons\n\nCategory: UI 16px / 32px\n\nTags: Precise Shapes, Has Padding, Uses Stroke\n\nOpen\n\nName: Bytesize Icons\n\nCategory: UI 16px / 32px\n\nTags: Precise Shapes, Has Padding, Uses Stroke\n\nOpen\n\nName: Bootstrap Icons\n\nCategory: UI 16px / 32px\n\nTags: Precise Shapes\n\nOpen\n\nName: Pixel free icons\n\nCategory: UI 16px / 32px\n\nTags: Precise Shapes\n\nOpen\n\nName: Streamline Block\n\nCategory: UI 16px / 32px\n\nTags: Precise Shapes\n\nOpen\n\nName: Rivet Icons\n\nCategory: UI 16px / 32px\n\nTags: Precise Shapes\n\nOpen\n\nName: Nimbus\n\nCategory: UI 16px / 32px\n\nOpen\n\nName: FormKit Icons\n\nCategory: UI 16px / 32px\n\nTags: Precise Shapes\n\nOpen\n\nName: Fluent UI System Icons\n\nCategory: UI Other / Mixed Grid\n\nTags: Precise Shapes, Has Padding\n\nOpen\n\nName: Phosphor\n\nCategory: UI Other / Mixed Grid\n\nTags: Has Padding\n\nOpen\n\nName: Glyphs\n\nCategory: UI Other / Mixed Grid\n\nTags: Has Padding\n\nOpen\n\nName: Glyphs Poly\n\nCategory: UI Other / Mixed Grid\n\nTags: Has Padding, Uses Stroke\n\nOpen\n\nName: Teenyicons\n\nCategory: UI Other / Mixed Grid\n\nTags: Precise Shapes\n\nOpen\n\nName: Clarity\n\nCategory: UI Other / Mixed Grid\n\nTags: Precise Shapes, Has Padding\n\nOpen\n\nName: Freehand free icons\n\nCategory: UI Other / Mixed Grid\n\nOpen\n\nName: Siemens Industrial Experience Icons\n\nCategory: UI Other / Mixed Grid\n\nTags: Has Padding\n\nOpen\n\nName: Octicons\n\nCategory: UI Other / Mixed Grid\n\nOpen\n\nName: Memory Icons\n\nCategory: UI Other / Mixed Grid\n\nTags: Precise Shapes, Has Padding\n\nOpen\n\nName: System UIcons\n\nCategory: UI Other / Mixed Grid\n\nTags: Precise Shapes, Has Padding\n\nOpen\n\nName: Radix Icons\n\nCategory: UI Other / Mixed Grid\n\nTags: Precise Shapes, Has Padding\n\nOpen\n\nName: Zondicons\n\nCategory: UI Other / Mixed Grid\n\nTags: Precise Shapes\n\nOpen\n\nName: uiw icons\n\nCategory: UI Other / Mixed Grid\n\nOpen\n\nName: CodeX Icons\n\nCategory: UI Other / Mixed Grid\n\nTags: Has Padding, Uses Stroke\n\nOpen\n\nName: Evil Icons\n\nCategory: UI Other / Mixed Grid\n\nTags: Precise Shapes, Has Padding\n\nOpen\n\nName: HeroIcons\n\nCategory: UI Other / Mixed Grid\n\nTags: Has Padding\n\nOpen\n\nName: SidekickIcons\n\nCategory: UI Other / Mixed Grid\n\nTags: Has Padding\n\nOpen\n\nName: Pepicons Pop!\n\nCategory: UI Other / Mixed Grid\n\nOpen\n\nName: Pepicons Print\n\nCategory: UI Other / Mixed Grid\n\nOpen\n\nName: Pepicons Pencil\n\nCategory: UI Other / Mixed Grid\n\nOpen\n\nName: Framework7 Icons\n\nCategory: UI Other / Mixed Grid\n\nTags: Has Padding\n\nOpen\n\nName: Gitlab SVGs\n\nCategory: UI Other / Mixed Grid\n\nOpen\n\nName: Garden SVG Icons\n\nCategory: UI Other / Mixed Grid\n\nTags: Precise Shapes, Has Padding\n\nOpen\n\nName: Streamline\n\nCategory: UI Other / Mixed Grid\n\nOpen\n\nName: Flex free icons\n\nCategory: UI Other / Mixed Grid\n\nOpen\n\nName: Font Awesome Solid\n\nCategory: UI Other / Mixed Grid\n\nTags: Precise Shapes\n\nOpen\n\nName: Font Awesome Regular\n\nCategory: UI Other / Mixed Grid\n\nTags: Precise Shapes\n\nOpen\n\nName: Pico-icon\n\nCategory: UI Other / Mixed Grid\n\nTags: Precise Shapes\n\nOpen\n\nName: OOUI\n\nCategory: UI Other / Mixed Grid\n\nTags: Precise Shapes\n\nOpen\n\nName: OpenSearch UI\n\nCategory: UI Other / Mixed Grid\n\nOpen\n\nName: NRK Core Icons\n\nCategory: UI Other / Mixed Grid\n\nTags: Has Padding\n\nOpen\n\nName: Dinkie Icons\n\nCategory: UI Other / Mixed Grid\n\nOpen\n\nName: Qlementine Icons\n\nCategory: UI Other / Mixed Grid\n\nOpen\n\nName: Ultimate color icons\n\nCategory: UI Multicolor\n\nOpen\n\nName: Plump color icons\n\nCategory: UI Multicolor\n\nTags: Uses Stroke\n\nOpen\n\nName: Freehand color icons\n\nCategory: UI Multicolor\n\nOpen\n\nName: Kameleon color icons\n\nCategory: UI Multicolor\n\nOpen\n\nName: Stickies color icons\n\nCategory: UI Multicolor\n\nOpen\n\nName: Fluent UI System Color Icons\n\nCategory: UI Multicolor\n\nTags: Precise Shapes, Has Padding\n\nOpen\n\nName: Streamline color\n\nCategory: UI Multicolor\n\nOpen\n\nName: Flex color icons\n\nCategory: UI Multicolor\n\nOpen\n\nName: Sharp color icons\n\nCategory: UI Multicolor\n\nTags: Uses Stroke\n\nOpen\n\nName: Cyber color icons\n\nCategory: UI Multicolor\n\nTags: Precise Shapes\n\nOpen\n\nName: IconPark\n\nCategory: UI Multicolor\n\nTags: Precise Shapes, Has Padding, Uses Stroke\n\nOpen\n\nName: Marketeq\n\nCategory: UI Multicolor\n\nTags: Has Padding, Uses Stroke\n\nOpen\n\nName: VSCode Icons\n\nCategory: Programming\n\nTags: Has Padding\n\nOpen\n\nName: Codicons\n\nCategory: Programming\n\nTags: Precise Shapes, Has Padding\n\nOpen\n\nName: Material Icon Theme\n\nCategory: Programming\n\nOpen\n\nName: File Icons\n\nCategory: Programming\n\nOpen\n\nName: Devicon\n\nCategory: Programming\n\nOpen\n\nName: Devicon Plain\n\nCategory: Programming\n\nOpen\n\nName: Catppuccin Icons\n\nCategory: Programming\n\nOpen\n\nName: Skill Icons\n\nCategory: Programming\n\nOpen\n\nName: Google Cloud Icons\n\nCategory: Programming\n\nOpen\n\nName: UnJS Logos\n\nCategory: Programming\n\nOpen\n\nName: Simple Icons\n\nCategory: Logos\n\nOpen\n\nName: SVG Logos\n\nCategory: Logos\n\nOpen\n\nName: Logos free icons\n\nCategory: Logos\n\nOpen\n\nName: CoreUI Brands\n\nCategory: Logos\n\nOpen\n\nName: Font Awesome Brands\n\nCategory: Logos\n\nOpen\n\nName: Boxicons Brands\n\nCategory: Logos\n\nTags: Precise Shapes, Has Padding\n\nOpen\n\nName: Nonicons\n\nCategory: Logos\n\nOpen\n\nName: Arcticons\n\nCategory: Logos\n\nTags: Precise Shapes, Has Padding\n\nOpen\n\nName: selfh.st/icons\n\nCategory: Logos\n\nOpen\n\nName: Custom Brand Icons\n\nCategory: Logos\n\nTags: Precise Shapes, Has Padding\n\nOpen\n\nName: Brandico\n\nCategory: Logos\n\nOpen\n\nName: Entypo+ Social\n\nCategory: Logos\n\nOpen\n\nName: Web3 Icons\n\nCategory: Logos\n\nOpen\n\nName: Web3 Icons Branded\n\nCategory: Logos\n\nOpen\n\nName: Cryptocurrency Icons\n\nCategory: Logos\n\nOpen\n\nName: Cryptocurrency Color Icons\n\nCategory: Logos\n\nOpen\n\nName: OpenMoji\n\nCategory: Emoji\n\nTags: Precise Shapes, Has Padding, Uses Stroke\n\nOpen\n\nName: Twitter Emoji\n\nCategory: Emoji\n\nTags: Precise Shapes\n\nOpen\n\nName: Noto Emoji\n\nCategory: Emoji\n\nTags: Precise Shapes, Has Padding\n\nOpen\n\nName: Fluent Emoji Flat\n\nCategory: Emoji\n\nTags: Precise Shapes, Has Padding\n\nOpen\n\nName: Fluent Emoji High Contrast\n\nCategory: Emoji\n\nTags: Precise Shapes, Has Padding\n\nOpen\n\nName: Noto Emoji (v1)\n\nCategory: Emoji\n\nTags: Precise Shapes, Has Padding\n\nOpen\n\nName: Emoji One (Colored)\n\nCategory: Emoji\n\nTags: Precise Shapes, Has Padding\n\nOpen\n\nName: Emoji One (Monotone)\n\nCategory: Emoji\n\nTags: Precise Shapes, Has Padding\n\nOpen\n\nName: Emoji One (v1)\n\nCategory: Emoji\n\nOpen\n\nName: Firefox OS Emoji\n\nCategory: Emoji\n\nOpen\n\nName: Streamline Emojis\n\nCategory: Emoji\n\nOpen\n\nName: Circle Flags\n\nCategory: Flags / Maps\n\nOpen\n\nName: Flag Icons\n\nCategory: Flags / Maps\n\nTags: Uses Stroke\n\nOpen\n\nName: Flagpack\n\nCategory: Flags / Maps\n\nOpen\n\nName: CoreUI Flags\n\nCategory: Flags / Maps\n\nOpen\n\nName: Pinhead Map Icons\n\nCategory: Flags / Maps\n\nTags: Precise Shapes, Has Padding\n\nOpen\n\nName: Röntgen\n\nCategory: Flags / Maps\n\nTags: Precise Shapes, Has Padding\n\nOpen\n\nName: Maki\n\nCategory: Flags / Maps\n\nTags: Precise Shapes, Has Padding\n\nOpen\n\nName: Temaki\n\nCategory: Flags / Maps\n\nTags: Precise Shapes, Has Padding\n\nOpen\n\nName: Font-GIS\n\nCategory: Flags / Maps\n\nOpen\n\nName: Map Icons\n\nCategory: Flags / Maps\n\nTags: Precise Shapes\n\nOpen\n\nName: GeoGlyphs\n\nCategory: Flags / Maps\n\nTags: Has Padding\n\nOpen\n\nName: OSM Icons\n\nCategory: Flags / Maps\n\nOpen\n\nName: Game Icons\n\nCategory: Thematic\n\nTags: Has Padding\n\nOpen\n\nName: FontAudio\n\nCategory: Thematic\n\nTags: Has Padding\n\nOpen\n\nName: Academicons\n\nCategory: Thematic\n\nOpen\n\nName: Weather Icons\n\nCategory: Thematic\n\nTags: Has Padding\n\nOpen\n\nName: Meteocons\n\nCategory: Thematic\n\nTags: Uses Stroke, Contains Animations\n\nOpen\n\nName: Health Icons\n\nCategory: Thematic\n\nTags: Precise Shapes\n\nOpen\n\nName: Medical Icons\n\nCategory: Thematic\n\nOpen\n\nName: Covid Icons\n\nCategory: Thematic\n\nTags: Uses Stroke\n\nOpen\n\nName: Ginetex Care Symbols\n\nCategory: Thematic\n\nTags: Precise Shapes, Has Padding\n\nOpen\n\nName: Line Awesome\n\nCategory: Archive / Unmaintained\n\nTags: Precise Shapes, Has Padding\n\nOpen\n\nName: Eva Icons\n\nCategory: Archive / Unmaintained\n\nTags: Precise Shapes, Has Padding\n\nOpen\n\nName: Dashicons\n\nCategory: Archive / Unmaintained\n\nTags: Precise Shapes, Has Padding\n\nOpen\n\nName: Flat Color Icons\n\nCategory: Archive / Unmaintained\n\nTags: Precise Shapes, Has Padding\n\nOpen\n\nName: Entypo+\n\nCategory: Archive / Unmaintained\n\nTags: Precise Shapes\n\nOpen\n\nName: Foundation\n\nCategory: Archive / Unmaintained\n\nTags: Has Padding\n\nOpen\n\nName: Raphael\n\nCategory: Archive / Unmaintained\n\nTags: Has Padding\n\nOpen\n\nName: Icons8 Windows 10 Icons\n\nCategory: Archive / Unmaintained\n\nTags: Precise Shapes, Has Padding\n\nOpen\n\nName: Innowatio Font\n\nCategory: Archive / Unmaintained\n\nTags: Precise Shapes, Has Padding\n\nOpen\n\nName: Gala Icons\n\nCategory: Archive / Unmaintained\n\nTags: Precise Shapes, Has Padding, Uses Stroke\n\nOpen\n\nName: HeroIcons v1 Outline\n\nCategory: Archive / Unmaintained\n\nTags: Precise Shapes, Has Padding, Uses Stroke\n\nOpen\n\nName: HeroIcons v1 Solid\n\nCategory: Archive / Unmaintained\n\nTags: Precise Shapes, Has Padding\n\nOpen\n\nName: BoxIcons v2\n\nCategory: UI 24px\n\nTags: Precise Shapes, Has Padding\n\nOpen\n\nName: BoxIcons v2 Solid\n\nCategory: UI 24px\n\nTags: Precise Shapes, Has Padding\n\nOpen\n\nName: Font Awesome 6 Solid\n\nCategory: Archive / Unmaintained\n\nTags: Precise Shapes\n\nOpen\n\nName: Font Awesome 6 Regular\n\nCategory: Archive / Unmaintained\n\nTags: Precise Shapes\n\nOpen\n\nName: Font Awesome 6 Brands\n\nCategory: Archive / Unmaintained\n\nOpen\n\nName: Font Awesome 5 Solid\n\nCategory: Archive / Unmaintained\n\nOpen\n\nName: Font Awesome 5 Regular\n\nCategory: Archive / Unmaintained\n\nOpen\n\nName: Font Awesome 5 Brands\n\nCategory: Archive / Unmaintained\n\nOpen\n\nName: Font Awesome 4\n\nCategory: Archive / Unmaintained\n\nOpen\n\nName: Fluent UI MDL2\n\nCategory: Archive / Unmaintained\n\nTags: Precise Shapes\n\nOpen\n\nName: Fontisto\n\nCategory: Archive / Unmaintained\n\nTags: Precise Shapes\n\nOpen\n\nName: IcoMoon Free\n\nCategory: Archive / Unmaintained\n\nTags: Precise Shapes\n\nOpen\n\nName: Subway Icon Set\n\nCategory: Archive / Unmaintained\n\nOpen\n\nName: Open Iconic\n\nCategory: Archive / Unmaintained\n\nTags: Precise Shapes\n\nOpen\n\nName: Icons8 Windows 8 Icons\n\nCategory: Archive / Unmaintained\n\nOpen\n\nName: Simple line icons\n\nCategory: Archive / Unmaintained\n\nTags: Precise Shapes\n\nOpen\n\nName: Elegant\n\nCategory: Archive / Unmaintained\n\nTags: Precise Shapes\n\nOpen\n\nName: Elusive Icons\n\nCategory: Archive / Unmaintained\n\nOpen\n\nName: Vaadin Icons\n\nCategory: Archive / Unmaintained\n\nTags: Precise Shapes\n\nOpen\n\nName: Grommet Icons\n\nCategory: Archive / Unmaintained\n\nTags: Precise Shapes, Uses Stroke\n\nOpen\n\nName: WebHostingHub Glyphs\n\nOpen\n\nName: SmartIcons Glyph\n\nOpen\n\nName: Material Design Iconic Font\n\nOpen\n\nName: Ligature Symbols\n\nOpen\n\nName: BPMN\n\nTags: Has Padding\n\nOpen\n\nName: Flat UI Icons\n\nOpen\n\nName: Vesper Icons\n\nOpen\n\nName: TopCoat Icons\n\nOpen\n\nName: Icalicons\n\nOpen\n\nName: Web Symbols Liga\n\nOpen\n\nName: Fontelico\n\nOpen\n\nName: PrestaShop Icons\n\nOpen\n\nName: Feather Icons\n\nTags: Precise Shapes, Has Padding, Uses Stroke\n\nOpen\n\nName: Mono Icons\n\nOpen\n\nName: Pepicons\n\nOpen\n\nName: Fluent Emoji\n\nTags: Precise Shapes, Has Padding, Uses Stroke\n\nOpen']</msg>
<arg>.collections-list</arg>
<arg>contains</arg>
<arg>Category:</arg>
<tag>Assertion</tag>
<tag>Getter</tag>
<tag>PageContent</tag>
<doc>Returns text attribute of the element found by ``selector``.</doc>
<status status="PASS" start="2026-07-15T11:52:01.100875" elapsed="0.035528"/>
</kw>
<kw name="Get Text" owner="Browser">
<msg time="2026-07-15T11:52:01.172502" level="INFO">Text: ['Name: Material Symbols\n\nCategory: Material\n\nTags: Has Padding\n\nOpen\n\nName: Material Symbols Light\n\nCategory: Material\n\nTags: Precise Shapes, Has Padding\n\nOpen\n\nName: Google Material Icons\n\nCategory: Material\n\nOpen\n\nName: Material Design Icons\n\nCategory: Material\n\nTags: Precise Shapes, Has Padding\n\nOpen\n\nName: Material Design Light\n\nCategory: Material\n\nTags: Precise Shapes, Has Padding\n\nOpen\n\nName: Material Line Icons\n\nCategory: Material\n\nTags: Precise Shapes, Has Padding, Uses Stroke, Contains Animations\n\nOpen\n\nName: Solar\n\nCategory: UI 24px\n\nTags: Has Padding, Uses Stroke\n\nOpen\n\nName: Tabler Icons\n\nCategory: UI 24px\n\nTags: Precise Shapes, Has Padding, Uses Stroke\n\nOpen\n\nName: Boxicons\n\nCategory: UI 24px\n\nTags: Precise Shapes, Has Padding\n\nOpen\n\nName: MingCute Icon\n\nCategory: UI 24px\n\nTags: Precise Shapes, Has Padding\n\nOpen\n\nName: Remix Icon\n\nCategory: UI 24px\n\nTags: Precise Shapes, Has Padding\n\nOpen\n\nName: Myna UI Icons\n\nCategory: UI 24px\n\nTags: Has Padding, Uses Stroke\n\nOpen\n\nName: IconaMoon\n\nCategory: UI 24px\n\nTags: Has Padding, Uses Stroke\n\nOpen\n\nName: Iconoir\n\nCategory: UI 24px\n\nTags: Has Padding, Uses Stroke\n\nOpen\n\nName: Lucide\n\nCategory: UI 24px\n\nTags: Precise Shapes, Has Padding, Uses Stroke\n\nOpen\n\nName: Lucide Lab\n\nCategory: UI 24px\n\nTags: Precise Shapes, Has Padding, Uses Stroke\n\nOpen\n\nName: Unicons\n\nCategory: UI 24px\n\nTags: Has Padding\n\nOpen\n\nName: TDesign Icons\n\nCategory: UI 24px\n\nTags: Uses Stroke\n\nOpen\n\nName: Sargam Icons\n\nCategory: UI 24px\n\nTags: Has Padding, Uses Stroke\n\nOpen\n\nName: Majesticons\n\nCategory: UI 24px\n\nTags: Precise Shapes, Has Padding, Uses Stroke\n\nOpen\n\nName: css.gg\n\nCategory: UI 24px\n\nTags: Precise Shapes, Has Padding\n\nOpen\n\nName: Flowbite Icons\n\nCategory: UI 24px\n\nTags: Uses Stroke\n\nOpen\n\nName: Basil\n\nCategory: UI 24px\n\nTags: Has Padding\n\nOpen\n\nName: Pixelarticons\n\nCategory: UI 24px\n\nTags: Precise Shapes, Has Padding\n\nOpen\n\nName: Pixel Icon\n\nCategory: UI 24px\n\nTags: Precise Shapes, Has Padding\n\nOpen\n\nName: Akar Icons\n\nCategory: UI 24px\n\nTags: Precise Shapes, Has Padding, Uses Stroke\n\nOpen\n\nName: coolicons\n\nCategory: UI 24px\n\nTags: Precise Shapes, Has Padding, Uses Stroke\n\nOpen\n\nName: ProIcons\n\nCategory: UI 24px\n\nTags: Precise Shapes, Has Padding, Uses Stroke\n\nOpen\n\nName: Typicons\n\nCategory: UI 24px\n\nTags: Precise Shapes, Has Padding\n\nOpen\n\nName: Meteor Icons\n\nCategory: UI 24px\n\nTags: Precise Shapes, Has Padding, Uses Stroke\n\nOpen\n\nName: Prime Icons\n\nCategory: UI 24px\n\nTags: Has Padding\n\nOpen\n\nName: Circum Icons\n\nCategory: UI 24px\n\nTags: Has Padding\n\nOpen\n\nName: Feather Icon\n\nCategory: UI 24px\n\nTags: Precise Shapes, Has Padding\n\nOpen\n\nName: EOS Icons\n\nCategory: UI 24px\n\nOpen\n\nName: Bitcoin Icons\n\nCategory: UI 24px\n\nTags: Precise Shapes, Has Padding\n\nOpen\n\nName: Humbleicons\n\nCategory: UI 24px\n\nTags: Precise Shapes, Has Padding, Uses Stroke\n\nOpen\n\nName: Unicons Monochrome\n\nCategory: UI 24px\n\nTags: Has Padding\n\nOpen\n\nName: Unicons Thin Line\n\nCategory: UI 24px\n\nTags: Has Padding\n\nOpen\n\nName: Unicons Solid\n\nCategory: UI 24px\n\nTags: Has Padding\n\nOpen\n\nName: Gridicons\n\nCategory: UI 24px\n\nTags: Precise Shapes, Has Padding\n\nOpen\n\nName: Mono Icons\n\nCategory: UI 24px\n\nTags: Precise Shapes, Has Padding\n\nOpen\n\nName: Cuida Icons\n\nCategory: UI 24px\n\nTags: Precise Shapes, Has Padding\n\nOpen\n\nName: WeUI Icon\n\nCategory: UI 24px\n\nTags: Has Padding\n\nOpen\n\nName: Duoicons\n\nCategory: UI 24px\n\nTags: Precise Shapes, Has Padding\n\nOpen\n\nName: SVG Spinners\n\nCategory: UI 24px\n\nTags: Precise Shapes, Has Padding, Contains Animations\n\nOpen\n\nName: Huge Icons\n\nCategory: UI 24px\n\nTags: Has Padding, Uses Stroke\n\nOpen\n\nName: Lets Icons\n\nCategory: UI 24px\n\nTags: Has Padding, Uses Stroke\n\nOpen\n\nName: Ultimate free icons\n\nCategory: UI 24px\n\nTags: Uses Stroke\n\nOpen\n\nName: Plump free icons\n\nCategory: UI 24px\n\nOpen\n\nName: Sharp free icons\n\nCategory: UI 24px\n\nOpen\n\nName: Mage Icons\n\nCategory: UI 24px\n\nTags: Has Padding, Uses Stroke\n\nOpen\n\nName: Stash Icons\n\nCategory: UI 24px\n\nTags: Precise Shapes, Has Padding\n\nOpen\n\nName: Lineicons\n\nCategory: UI 24px\n\nTags: Has Padding\n\nOpen\n\nName: WordPress Icons\n\nCategory: UI 24px\n\nTags: Has Padding\n\nOpen\n\nName: IconPark Outline\n\nCategory: UI 24px\n\nTags: Precise Shapes, Has Padding, Uses Stroke\n\nOpen\n\nName: IconPark Solid\n\nCategory: UI 24px\n\nTags: Precise Shapes, Has Padding, Uses Stroke\n\nOpen\n\nName: IconPark TwoTone\n\nCategory: UI 24px\n\nTags: Precise Shapes, Has Padding, Uses Stroke\n\nOpen\n\nName: Jam Icons\n\nCategory: UI 24px\n\nTags: Has Padding\n\nOpen\n\nName: Cyber free icons\n\nCategory: UI 24px\n\nTags: Precise Shapes\n\nOpen\n\nName: Guidance\n\nCategory: UI 24px\n\nTags: Precise Shapes\n\nOpen\n\nName: Carbon\n\nCategory: UI 16px / 32px\n\nTags: Precise Shapes, Has Padding\n\nOpen\n\nName: IonIcons\n\nCategory: UI 16px / 32px\n\nTags: Precise Shapes, Has Padding\n\nOpen\n\nName: Famicons\n\nCategory: UI 16px / 32px\n\nTags: Precise Shapes, Has Padding\n\nOpen\n\nName: Ant Design Icons\n\nCategory: UI 16px / 32px\n\nTags: Has Padding\n\nOpen\n\nName: Lsicon\n\nCategory: UI 16px / 32px\n\nTags: Precise Shapes, Has Padding\n\nOpen\n\nName: Gravity UI Icons\n\nCategory: UI 16px / 32px\n\nTags: Precise Shapes, Has Padding\n\nOpen\n\nName: CoreUI Free\n\nCategory: UI 16px / 32px\n\nOpen\n\nName: @icons\n\nCategory: UI 16px / 32px\n\nTags: Precise Shapes, Has Padding\n\nOpen\n\nName: Element Plus\n\nCategory: UI 16px / 32px\n\nTags: Precise Shapes, Has Padding\n\nOpen\n\nName: Charm Icons\n\nCategory: UI 16px / 32px\n\nTags: Has Padding, Uses Stroke\n\nOpen\n\nName: Quill Icons\n\nCategory: UI 16px / 32px\n\nTags: Precise Shapes, Has Padding, Uses Stroke\n\nOpen\n\nName: Bytesize Icons\n\nCategory: UI 16px / 32px\n\nTags: Precise Shapes, Has Padding, Uses Stroke\n\nOpen\n\nName: Bootstrap Icons\n\nCategory: UI 16px / 32px\n\nTags: Precise Shapes\n\nOpen\n\nName: Pixel free icons\n\nCategory: UI 16px / 32px\n\nTags: Precise Shapes\n\nOpen\n\nName: Streamline Block\n\nCategory: UI 16px / 32px\n\nTags: Precise Shapes\n\nOpen\n\nName: Rivet Icons\n\nCategory: UI 16px / 32px\n\nTags: Precise Shapes\n\nOpen\n\nName: Nimbus\n\nCategory: UI 16px / 32px\n\nOpen\n\nName: FormKit Icons\n\nCategory: UI 16px / 32px\n\nTags: Precise Shapes\n\nOpen\n\nName: Fluent UI System Icons\n\nCategory: UI Other / Mixed Grid\n\nTags: Precise Shapes, Has Padding\n\nOpen\n\nName: Phosphor\n\nCategory: UI Other / Mixed Grid\n\nTags: Has Padding\n\nOpen\n\nName: Glyphs\n\nCategory: UI Other / Mixed Grid\n\nTags: Has Padding\n\nOpen\n\nName: Glyphs Poly\n\nCategory: UI Other / Mixed Grid\n\nTags: Has Padding, Uses Stroke\n\nOpen\n\nName: Teenyicons\n\nCategory: UI Other / Mixed Grid\n\nTags: Precise Shapes\n\nOpen\n\nName: Clarity\n\nCategory: UI Other / Mixed Grid\n\nTags: Precise Shapes, Has Padding\n\nOpen\n\nName: Freehand free icons\n\nCategory: UI Other / Mixed Grid\n\nOpen\n\nName: Siemens Industrial Experience Icons\n\nCategory: UI Other / Mixed Grid\n\nTags: Has Padding\n\nOpen\n\nName: Octicons\n\nCategory: UI Other / Mixed Grid\n\nOpen\n\nName: Memory Icons\n\nCategory: UI Other / Mixed Grid\n\nTags: Precise Shapes, Has Padding\n\nOpen\n\nName: System UIcons\n\nCategory: UI Other / Mixed Grid\n\nTags: Precise Shapes, Has Padding\n\nOpen\n\nName: Radix Icons\n\nCategory: UI Other / Mixed Grid\n\nTags: Precise Shapes, Has Padding\n\nOpen\n\nName: Zondicons\n\nCategory: UI Other / Mixed Grid\n\nTags: Precise Shapes\n\nOpen\n\nName: uiw icons\n\nCategory: UI Other / Mixed Grid\n\nOpen\n\nName: CodeX Icons\n\nCategory: UI Other / Mixed Grid\n\nTags: Has Padding, Uses Stroke\n\nOpen\n\nName: Evil Icons\n\nCategory: UI Other / Mixed Grid\n\nTags: Precise Shapes, Has Padding\n\nOpen\n\nName: HeroIcons\n\nCategory: UI Other / Mixed Grid\n\nTags: Has Padding\n\nOpen\n\nName: SidekickIcons\n\nCategory: UI Other / Mixed Grid\n\nTags: Has Padding\n\nOpen\n\nName: Pepicons Pop!\n\nCategory: UI Other / Mixed Grid\n\nOpen\n\nName: Pepicons Print\n\nCategory: UI Other / Mixed Grid\n\nOpen\n\nName: Pepicons Pencil\n\nCategory: UI Other / Mixed Grid\n\nOpen\n\nName: Framework7 Icons\n\nCategory: UI Other / Mixed Grid\n\nTags: Has Padding\n\nOpen\n\nName: Gitlab SVGs\n\nCategory: UI Other / Mixed Grid\n\nOpen\n\nName: Garden SVG Icons\n\nCategory: UI Other / Mixed Grid\n\nTags: Precise Shapes, Has Padding\n\nOpen\n\nName: Streamline\n\nCategory: UI Other / Mixed Grid\n\nOpen\n\nName: Flex free icons\n\nCategory: UI Other / Mixed Grid\n\nOpen\n\nName: Font Awesome Solid\n\nCategory: UI Other / Mixed Grid\n\nTags: Precise Shapes\n\nOpen\n\nName: Font Awesome Regular\n\nCategory: UI Other / Mixed Grid\n\nTags: Precise Shapes\n\nOpen\n\nName: Pico-icon\n\nCategory: UI Other / Mixed Grid\n\nTags: Precise Shapes\n\nOpen\n\nName: OOUI\n\nCategory: UI Other / Mixed Grid\n\nTags: Precise Shapes\n\nOpen\n\nName: OpenSearch UI\n\nCategory: UI Other / Mixed Grid\n\nOpen\n\nName: NRK Core Icons\n\nCategory: UI Other / Mixed Grid\n\nTags: Has Padding\n\nOpen\n\nName: Dinkie Icons\n\nCategory: UI Other / Mixed Grid\n\nOpen\n\nName: Qlementine Icons\n\nCategory: UI Other / Mixed Grid\n\nOpen\n\nName: Ultimate color icons\n\nCategory: UI Multicolor\n\nOpen\n\nName: Plump color icons\n\nCategory: UI Multicolor\n\nTags: Uses Stroke\n\nOpen\n\nName: Freehand color icons\n\nCategory: UI Multicolor\n\nOpen\n\nName: Kameleon color icons\n\nCategory: UI Multicolor\n\nOpen\n\nName: Stickies color icons\n\nCategory: UI Multicolor\n\nOpen\n\nName: Fluent UI System Color Icons\n\nCategory: UI Multicolor\n\nTags: Precise Shapes, Has Padding\n\nOpen\n\nName: Streamline color\n\nCategory: UI Multicolor\n\nOpen\n\nName: Flex color icons\n\nCategory: UI Multicolor\n\nOpen\n\nName: Sharp color icons\n\nCategory: UI Multicolor\n\nTags: Uses Stroke\n\nOpen\n\nName: Cyber color icons\n\nCategory: UI Multicolor\n\nTags: Precise Shapes\n\nOpen\n\nName: IconPark\n\nCategory: UI Multicolor\n\nTags: Precise Shapes, Has Padding, Uses Stroke\n\nOpen\n\nName: Marketeq\n\nCategory: UI Multicolor\n\nTags: Has Padding, Uses Stroke\n\nOpen\n\nName: VSCode Icons\n\nCategory: Programming\n\nTags: Has Padding\n\nOpen\n\nName: Codicons\n\nCategory: Programming\n\nTags: Precise Shapes, Has Padding\n\nOpen\n\nName: Material Icon Theme\n\nCategory: Programming\n\nOpen\n\nName: File Icons\n\nCategory: Programming\n\nOpen\n\nName: Devicon\n\nCategory: Programming\n\nOpen\n\nName: Devicon Plain\n\nCategory: Programming\n\nOpen\n\nName: Catppuccin Icons\n\nCategory: Programming\n\nOpen\n\nName: Skill Icons\n\nCategory: Programming\n\nOpen\n\nName: Google Cloud Icons\n\nCategory: Programming\n\nOpen\n\nName: UnJS Logos\n\nCategory: Programming\n\nOpen\n\nName: Simple Icons\n\nCategory: Logos\n\nOpen\n\nName: SVG Logos\n\nCategory: Logos\n\nOpen\n\nName: Logos free icons\n\nCategory: Logos\n\nOpen\n\nName: CoreUI Brands\n\nCategory: Logos\n\nOpen\n\nName: Font Awesome Brands\n\nCategory: Logos\n\nOpen\n\nName: Boxicons Brands\n\nCategory: Logos\n\nTags: Precise Shapes, Has Padding\n\nOpen\n\nName: Nonicons\n\nCategory: Logos\n\nOpen\n\nName: Arcticons\n\nCategory: Logos\n\nTags: Precise Shapes, Has Padding\n\nOpen\n\nName: selfh.st/icons\n\nCategory: Logos\n\nOpen\n\nName: Custom Brand Icons\n\nCategory: Logos\n\nTags: Precise Shapes, Has Padding\n\nOpen\n\nName: Brandico\n\nCategory: Logos\n\nOpen\n\nName: Entypo+ Social\n\nCategory: Logos\n\nOpen\n\nName: Web3 Icons\n\nCategory: Logos\n\nOpen\n\nName: Web3 Icons Branded\n\nCategory: Logos\n\nOpen\n\nName: Cryptocurrency Icons\n\nCategory: Logos\n\nOpen\n\nName: Cryptocurrency Color Icons\n\nCategory: Logos\n\nOpen\n\nName: OpenMoji\n\nCategory: Emoji\n\nTags: Precise Shapes, Has Padding, Uses Stroke\n\nOpen\n\nName: Twitter Emoji\n\nCategory: Emoji\n\nTags: Precise Shapes\n\nOpen\n\nName: Noto Emoji\n\nCategory: Emoji\n\nTags: Precise Shapes, Has Padding\n\nOpen\n\nName: Fluent Emoji Flat\n\nCategory: Emoji\n\nTags: Precise Shapes, Has Padding\n\nOpen\n\nName: Fluent Emoji High Contrast\n\nCategory: Emoji\n\nTags: Precise Shapes, Has Padding\n\nOpen\n\nName: Noto Emoji (v1)\n\nCategory: Emoji\n\nTags: Precise Shapes, Has Padding\n\nOpen\n\nName: Emoji One (Colored)\n\nCategory: Emoji\n\nTags: Precise Shapes, Has Padding\n\nOpen\n\nName: Emoji One (Monotone)\n\nCategory: Emoji\n\nTags: Precise Shapes, Has Padding\n\nOpen\n\nName: Emoji One (v1)\n\nCategory: Emoji\n\nOpen\n\nName: Firefox OS Emoji\n\nCategory: Emoji\n\nOpen\n\nName: Streamline Emojis\n\nCategory: Emoji\n\nOpen\n\nName: Circle Flags\n\nCategory: Flags / Maps\n\nOpen\n\nName: Flag Icons\n\nCategory: Flags / Maps\n\nTags: Uses Stroke\n\nOpen\n\nName: Flagpack\n\nCategory: Flags / Maps\n\nOpen\n\nName: CoreUI Flags\n\nCategory: Flags / Maps\n\nOpen\n\nName: Pinhead Map Icons\n\nCategory: Flags / Maps\n\nTags: Precise Shapes, Has Padding\n\nOpen\n\nName: Röntgen\n\nCategory: Flags / Maps\n\nTags: Precise Shapes, Has Padding\n\nOpen\n\nName: Maki\n\nCategory: Flags / Maps\n\nTags: Precise Shapes, Has Padding\n\nOpen\n\nName: Temaki\n\nCategory: Flags / Maps\n\nTags: Precise Shapes, Has Padding\n\nOpen\n\nName: Font-GIS\n\nCategory: Flags / Maps\n\nOpen\n\nName: Map Icons\n\nCategory: Flags / Maps\n\nTags: Precise Shapes\n\nOpen\n\nName: GeoGlyphs\n\nCategory: Flags / Maps\n\nTags: Has Padding\n\nOpen\n\nName: OSM Icons\n\nCategory: Flags / Maps\n\nOpen\n\nName: Game Icons\n\nCategory: Thematic\n\nTags: Has Padding\n\nOpen\n\nName: FontAudio\n\nCategory: Thematic\n\nTags: Has Padding\n\nOpen\n\nName: Academicons\n\nCategory: Thematic\n\nOpen\n\nName: Weather Icons\n\nCategory: Thematic\n\nTags: Has Padding\n\nOpen\n\nName: Meteocons\n\nCategory: Thematic\n\nTags: Uses Stroke, Contains Animations\n\nOpen\n\nName: Health Icons\n\nCategory: Thematic\n\nTags: Precise Shapes\n\nOpen\n\nName: Medical Icons\n\nCategory: Thematic\n\nOpen\n\nName: Covid Icons\n\nCategory: Thematic\n\nTags: Uses Stroke\n\nOpen\n\nName: Ginetex Care Symbols\n\nCategory: Thematic\n\nTags: Precise Shapes, Has Padding\n\nOpen\n\nName: Line Awesome\n\nCategory: Archive / Unmaintained\n\nTags: Precise Shapes, Has Padding\n\nOpen\n\nName: Eva Icons\n\nCategory: Archive / Unmaintained\n\nTags: Precise Shapes, Has Padding\n\nOpen\n\nName: Dashicons\n\nCategory: Archive / Unmaintained\n\nTags: Precise Shapes, Has Padding\n\nOpen\n\nName: Flat Color Icons\n\nCategory: Archive / Unmaintained\n\nTags: Precise Shapes, Has Padding\n\nOpen\n\nName: Entypo+\n\nCategory: Archive / Unmaintained\n\nTags: Precise Shapes\n\nOpen\n\nName: Foundation\n\nCategory: Archive / Unmaintained\n\nTags: Has Padding\n\nOpen\n\nName: Raphael\n\nCategory: Archive / Unmaintained\n\nTags: Has Padding\n\nOpen\n\nName: Icons8 Windows 10 Icons\n\nCategory: Archive / Unmaintained\n\nTags: Precise Shapes, Has Padding\n\nOpen\n\nName: Innowatio Font\n\nCategory: Archive / Unmaintained\n\nTags: Precise Shapes, Has Padding\n\nOpen\n\nName: Gala Icons\n\nCategory: Archive / Unmaintained\n\nTags: Precise Shapes, Has Padding, Uses Stroke\n\nOpen\n\nName: HeroIcons v1 Outline\n\nCategory: Archive / Unmaintained\n\nTags: Precise Shapes, Has Padding, Uses Stroke\n\nOpen\n\nName: HeroIcons v1 Solid\n\nCategory: Archive / Unmaintained\n\nTags: Precise Shapes, Has Padding\n\nOpen\n\nName: BoxIcons v2\n\nCategory: UI 24px\n\nTags: Precise Shapes, Has Padding\n\nOpen\n\nName: BoxIcons v2 Solid\n\nCategory: UI 24px\n\nTags: Precise Shapes, Has Padding\n\nOpen\n\nName: Font Awesome 6 Solid\n\nCategory: Archive / Unmaintained\n\nTags: Precise Shapes\n\nOpen\n\nName: Font Awesome 6 Regular\n\nCategory: Archive / Unmaintained\n\nTags: Precise Shapes\n\nOpen\n\nName: Font Awesome 6 Brands\n\nCategory: Archive / Unmaintained\n\nOpen\n\nName: Font Awesome 5 Solid\n\nCategory: Archive / Unmaintained\n\nOpen\n\nName: Font Awesome 5 Regular\n\nCategory: Archive / Unmaintained\n\nOpen\n\nName: Font Awesome 5 Brands\n\nCategory: Archive / Unmaintained\n\nOpen\n\nName: Font Awesome 4\n\nCategory: Archive / Unmaintained\n\nOpen\n\nName: Fluent UI MDL2\n\nCategory: Archive / Unmaintained\n\nTags: Precise Shapes\n\nOpen\n\nName: Fontisto\n\nCategory: Archive / Unmaintained\n\nTags: Precise Shapes\n\nOpen\n\nName: IcoMoon Free\n\nCategory: Archive / Unmaintained\n\nTags: Precise Shapes\n\nOpen\n\nName: Subway Icon Set\n\nCategory: Archive / Unmaintained\n\nOpen\n\nName: Open Iconic\n\nCategory: Archive / Unmaintained\n\nTags: Precise Shapes\n\nOpen\n\nName: Icons8 Windows 8 Icons\n\nCategory: Archive / Unmaintained\n\nOpen\n\nName: Simple line icons\n\nCategory: Archive / Unmaintained\n\nTags: Precise Shapes\n\nOpen\n\nName: Elegant\n\nCategory: Archive / Unmaintained\n\nTags: Precise Shapes\n\nOpen\n\nName: Elusive Icons\n\nCategory: Archive / Unmaintained\n\nOpen\n\nName: Vaadin Icons\n\nCategory: Archive / Unmaintained\n\nTags: Precise Shapes\n\nOpen\n\nName: Grommet Icons\n\nCategory: Archive / Unmaintained\n\nTags: Precise Shapes, Uses Stroke\n\nOpen\n\nName: WebHostingHub Glyphs\n\nOpen\n\nName: SmartIcons Glyph\n\nOpen\n\nName: Material Design Iconic Font\n\nOpen\n\nName: Ligature Symbols\n\nOpen\n\nName: BPMN\n\nTags: Has Padding\n\nOpen\n\nName: Flat UI Icons\n\nOpen\n\nName: Vesper Icons\n\nOpen\n\nName: TopCoat Icons\n\nOpen\n\nName: Icalicons\n\nOpen\n\nName: Web Symbols Liga\n\nOpen\n\nName: Fontelico\n\nOpen\n\nName: PrestaShop Icons\n\nOpen\n\nName: Feather Icons\n\nTags: Precise Shapes, Has Padding, Uses Stroke\n\nOpen\n\nName: Mono Icons\n\nOpen\n\nName: Pepicons\n\nOpen\n\nName: Fluent Emoji\n\nTags: Precise Shapes, Has Padding, Uses Stroke\n\nOpen']</msg>
<arg>.collections-list</arg>
<arg>contains</arg>
<arg>Tags:</arg>
<tag>Assertion</tag>
<tag>Getter</tag>
<tag>PageContent</tag>
<doc>Returns text attribute of the element found by ``selector``.</doc>
<status status="PASS" start="2026-07-15T11:52:01.136403" elapsed="0.037083"/>
</kw>
<kw name="Close Browser" owner="Browser" type="TEARDOWN">
<msg time="2026-07-15T11:52:01.570889" level="INFO">Closed browser</msg>
<tag>BrowserControl</tag>
<tag>Setter</tag>
<doc>Closes the current browser.</doc>
<status status="PASS" start="2026-07-15T11:52:01.173486" elapsed="0.398403"/>
</kw>
<doc>Among all loaded collections at least one must show a
"Category:" label and at least one a "Tags:" label.</doc>
<status status="PASS" start="2026-07-15T11:51:56.979535" elapsed="4.592354"/>
</test>
<test id="s1-s2-t3" name="Open Button Is Present For Each Collection" line="34">
<kw name="Open Iconify Navigator" owner="app" type="SETUP">
<kw name="New Browser" owner="Browser">
<msg time="2026-07-15T11:52:01.590905" level="INFO">{"browser": "chromium", "headless": false, "chromiumSandbox": false, "devtools": false, "handleSIGHUP": true, "handleSIGINT": true, "handleSIGTERM": true, "slowMo": 0.0, "timeout": 30000.0, "tracesDir": "C:\\Users\\saint\\progetti\\IconifyNavigator\\robot\\results\\react\\browser\\traces\\temp\\66309d19-56ac-4965-a217-60dc71fdc7ec"}</msg>
<msg time="2026-07-15T11:52:02.234536" level="INFO">Successfully created browser with options: {"browser":"chromium","headless":false,"chromiumSandbox":false,"devtools":false,"handleSIGHUP":true,"handleSIGINT":true,"handleSIGTERM":true,"slowMo":0,"timeout":30000,"tracesDir":"C:\\Users\\saint\\progetti\\IconifyNavigator\\robot\\results\\react\\browser\\traces\\temp\\66309d19-56ac-4965-a217-60dc71fdc7ec"}</msg>
<arg>${BROWSER_TYPE}</arg>
<arg>headless=${HEADLESS}</arg>
<tag>BrowserControl</tag>
<tag>Setter</tag>
<doc>Create a new playwright Browser with specified options.</doc>
<status status="PASS" start="2026-07-15T11:52:01.589886" elapsed="0.644650"/>
</kw>
<kw name="New Page" owner="Browser">
<msg time="2026-07-15T11:52:03.311031" level="INFO">Successfully initialized new page object and opened url: http://localhost:4300</msg>
<msg time="2026-07-15T11:52:03.311031" level="INFO">No context was open. New context was automatically opened when this page is created.</msg>
<arg>${APP_URL}</arg>
<tag>BrowserControl</tag>
<tag>Setter</tag>
<doc>Open a new Page.</doc>
<status status="PASS" start="2026-07-15T11:52:02.238536" elapsed="1.072495"/>
</kw>
<kw name="Wait For Elements State" owner="Browser">
<msg time="2026-07-15T11:52:03.392083" level="INFO">Waited for Element with selector h1 at state visible</msg>
<arg>h1</arg>
<arg>visible</arg>
<arg>timeout=10s</arg>
<tag>PageContent</tag>
<tag>Wait</tag>
<doc>Waits for the element found by ``selector`` to satisfy state option.</doc>
<status status="PASS" start="2026-07-15T11:52:03.312031" elapsed="0.081051"/>
</kw>
<doc>Opens a fresh browser window and navigates to the app.
Waits until the main heading is visible before returning.</doc>
<status status="PASS" start="2026-07-15T11:52:01.588911" elapsed="1.804171"/>
</kw>
<kw name="Collections Are Loaded" owner="app">
<kw name="Wait For Elements State" owner="Browser">
<msg time="2026-07-15T11:52:05.773257" level="INFO">Waited for Element with selector .collection-card &gt;&gt; nth=0 at state visible</msg>
<arg>.collection-card &gt;&gt; nth=0</arg>
<arg>visible</arg>
<arg>timeout=${COLLECTIONS_TIMEOUT}</arg>
<tag>PageContent</tag>
<tag>Wait</tag>
<doc>Waits for the element found by ``selector`` to satisfy state option.</doc>
<status status="PASS" start="2026-07-15T11:52:03.395082" elapsed="2.378175"/>
</kw>
<doc>Blocks until at least one collection card is visible,
meaning the /collections API call has completed.
Uses &gt;&gt; nth=0 to target the first card and avoid strict-mode
violations (the API returns 200+ collections).</doc>
<status status="PASS" start="2026-07-15T11:52:03.393082" elapsed="2.381178"/>
</kw>
<kw name="Get Element Count" owner="Browser">
<msg time="2026-07-15T11:52:05.783259" level="INFO">${buttons} = 230</msg>
<var>${buttons}</var>
<arg>.open-button</arg>
<tag>Assertion</tag>
<tag>Getter</tag>
<tag>PageContent</tag>
<doc>Returns the count of elements found with ``selector``.</doc>
<status status="PASS" start="2026-07-15T11:52:05.774260" elapsed="0.008999"/>
</kw>
<kw name="Get Element Count" owner="Browser">
<msg time="2026-07-15T11:52:05.813259" level="INFO">${cards} = 230</msg>
<var>${cards}</var>
<arg>.collection-card</arg>
<tag>Assertion</tag>
<tag>Getter</tag>
<tag>PageContent</tag>
<doc>Returns the count of elements found with ``selector``.</doc>
<status status="PASS" start="2026-07-15T11:52:05.784259" elapsed="0.030000"/>
</kw>
<kw name="Should Be Equal As Integers" owner="BuiltIn">
<arg>${buttons}</arg>
<arg>${cards}</arg>
<doc>Fails if objects are unequal after converting them to integers.</doc>
<status status="PASS" start="2026-07-15T11:52:05.814259" elapsed="0.000000"/>
</kw>
<kw name="Close Browser" owner="Browser" type="TEARDOWN">
<msg time="2026-07-15T11:52:06.205014" level="INFO">Closed browser</msg>
<tag>BrowserControl</tag>
<tag>Setter</tag>
<doc>Closes the current browser.</doc>
<status status="PASS" start="2026-07-15T11:52:05.815258" elapsed="0.389756"/>
</kw>
<doc>Every collection card must contain an "Open" button;
the button count must equal the card count.</doc>
<status status="PASS" start="2026-07-15T11:52:01.581889" elapsed="4.624127"/>
</test>
<test id="s1-s2-t4" name="Collection Cards Show Preview Icons" line="42">
<kw name="Open Iconify Navigator" owner="app" type="SETUP">
<kw name="New Browser" owner="Browser">
<msg time="2026-07-15T11:52:06.231025" level="INFO">{"browser": "chromium", "headless": false, "chromiumSandbox": false, "devtools": false, "handleSIGHUP": true, "handleSIGINT": true, "handleSIGTERM": true, "slowMo": 0.0, "timeout": 30000.0, "tracesDir": "C:\\Users\\saint\\progetti\\IconifyNavigator\\robot\\results\\react\\browser\\traces\\temp\\aaca9118-df41-4db6-b4b1-12ce5b6bb76f"}</msg>
<msg time="2026-07-15T11:52:07.303532" level="INFO">Successfully created browser with options: {"browser":"chromium","headless":false,"chromiumSandbox":false,"devtools":false,"handleSIGHUP":true,"handleSIGINT":true,"handleSIGTERM":true,"slowMo":0,"timeout":30000,"tracesDir":"C:\\Users\\saint\\progetti\\IconifyNavigator\\robot\\results\\react\\browser\\traces\\temp\\aaca9118-df41-4db6-b4b1-12ce5b6bb76f"}</msg>
<arg>${BROWSER_TYPE}</arg>
<arg>headless=${HEADLESS}</arg>
<tag>BrowserControl</tag>
<tag>Setter</tag>
<doc>Create a new playwright Browser with specified options.</doc>
<status status="PASS" start="2026-07-15T11:52:06.230023" elapsed="1.078510"/>
</kw>
<kw name="New Page" owner="Browser">
<msg time="2026-07-15T11:52:08.354909" level="INFO">Successfully initialized new page object and opened url: http://localhost:4300</msg>
<msg time="2026-07-15T11:52:08.354909" level="INFO">No context was open. New context was automatically opened when this page is created.</msg>
<arg>${APP_URL}</arg>
<tag>BrowserControl</tag>
<tag>Setter</tag>
<doc>Open a new Page.</doc>
<status status="PASS" start="2026-07-15T11:52:07.308533" elapsed="1.046376"/>
</kw>
<kw name="Wait For Elements State" owner="Browser">
<msg time="2026-07-15T11:52:08.426529" level="INFO">Waited for Element with selector h1 at state visible</msg>
<arg>h1</arg>
<arg>visible</arg>
<arg>timeout=10s</arg>
<tag>PageContent</tag>
<tag>Wait</tag>
<doc>Waits for the element found by ``selector`` to satisfy state option.</doc>
<status status="PASS" start="2026-07-15T11:52:08.354909" elapsed="0.071620"/>
</kw>
<doc>Opens a fresh browser window and navigates to the app.
Waits until the main heading is visible before returning.</doc>
<status status="PASS" start="2026-07-15T11:52:06.229025" elapsed="2.198511"/>
</kw>
<kw name="Collections Are Loaded" owner="app">
<kw name="Wait For Elements State" owner="Browser">
<msg time="2026-07-15T11:52:10.819479" level="INFO">Waited for Element with selector .collection-card &gt;&gt; nth=0 at state visible</msg>
<arg>.collection-card &gt;&gt; nth=0</arg>
<arg>visible</arg>
<arg>timeout=${COLLECTIONS_TIMEOUT}</arg>
<tag>PageContent</tag>
<tag>Wait</tag>
<doc>Waits for the element found by ``selector`` to satisfy state option.</doc>
<status status="PASS" start="2026-07-15T11:52:08.428528" elapsed="2.390951"/>
</kw>
<doc>Blocks until at least one collection card is visible,
meaning the /collections API call has completed.
Uses &gt;&gt; nth=0 to target the first card and avoid strict-mode
violations (the API returns 200+ collections).</doc>
<status status="PASS" start="2026-07-15T11:52:08.427536" elapsed="2.391943"/>
</kw>
<kw name="Wait For Elements State" owner="Browser">
<msg time="2026-07-15T11:52:10.866958" level="INFO">Waited for Element with selector .collection-preview-img &gt;&gt; nth=0 at state visible</msg>
<arg>.collection-preview-img &gt;&gt; nth=0</arg>
<arg>visible</arg>
<arg>timeout=${PREVIEW_TIMEOUT}</arg>
<tag>PageContent</tag>
<tag>Wait</tag>
<doc>Waits for the element found by ``selector`` to satisfy state option.</doc>
<status status="PASS" start="2026-07-15T11:52:10.819479" elapsed="0.047479"/>
</kw>
<kw name="Wait For Image To Load" owner="app">
<kw name="Wait Until Keyword Succeeds" owner="BuiltIn">
<kw name="Image Should Be Loaded" owner="app">
<kw name="Evaluate JavaScript" owner="Browser">
<msg time="2026-07-15T11:52:10.912026" level="INFO">JavaScript executed successfully.</msg>
<msg time="2026-07-15T11:52:10.912026" level="INFO">${nw} = 0</msg>
<var>${nw}</var>
<arg>${selector}</arg>
<arg>el =&gt; el.naturalWidth</arg>
<tag>Getter</tag>
<tag>PageContent</tag>
<tag>Setter</tag>
<doc>Executes given javascript on the selected element(s) or on page.</doc>
<status status="PASS" start="2026-07-15T11:52:10.870960" elapsed="0.041066"/>
</kw>
<kw name="Should Be True" owner="BuiltIn">
<msg time="2026-07-15T11:52:10.913960" level="FAIL">Image not yet loaded or broken: .collection-preview-img &gt;&gt; nth=0</msg>
<arg>${nw} &gt; 0</arg>
<arg>Image not yet loaded or broken: ${selector}</arg>
<doc>Fails if the given condition is not true.</doc>
<status status="FAIL" start="2026-07-15T11:52:10.913062" elapsed="0.000898">Image not yet loaded or broken: .collection-preview-img &gt;&gt; nth=0</status>
</kw>
<arg>${selector}</arg>
<doc>Single-attempt helper for Wait For Image To Load.
Fails immediately if the image has not finished loading.</doc>
<status status="FAIL" start="2026-07-15T11:52:10.869963" elapsed="0.043997">Image not yet loaded or broken: .collection-preview-img &gt;&gt; nth=0</status>
</kw>
<kw name="Image Should Be Loaded" owner="app">
<kw name="Evaluate JavaScript" owner="Browser">
<msg time="2026-07-15T11:52:11.432486" level="INFO">JavaScript executed successfully.</msg>
<msg time="2026-07-15T11:52:11.432486" level="INFO">${nw} = 16</msg>
<var>${nw}</var>
<arg>${selector}</arg>
<arg>el =&gt; el.naturalWidth</arg>
<tag>Getter</tag>
<tag>PageContent</tag>
<tag>Setter</tag>
<doc>Executes given javascript on the selected element(s) or on page.</doc>
<status status="PASS" start="2026-07-15T11:52:11.414468" elapsed="0.018018"/>
</kw>
<kw name="Should Be True" owner="BuiltIn">
<arg>${nw} &gt; 0</arg>
<arg>Image not yet loaded or broken: ${selector}</arg>
<doc>Fails if the given condition is not true.</doc>
<status status="PASS" start="2026-07-15T11:52:11.433488" elapsed="0.001159"/>
</kw>
<arg>${selector}</arg>
<doc>Single-attempt helper for Wait For Image To Load.
Fails immediately if the image has not finished loading.</doc>
<status status="PASS" start="2026-07-15T11:52:11.414468" elapsed="0.020715"/>
</kw>
<arg>${timeout}</arg>
<arg>500ms</arg>
<arg>Image Should Be Loaded</arg>
<arg>${selector}</arg>
<doc>Runs the specified keyword and retries if it fails.</doc>
<status status="PASS" start="2026-07-15T11:52:10.867958" elapsed="0.567225"/>
</kw>
<arg>.collection-preview-img &gt;&gt; nth=0</arg>
<doc>Polls an img element until naturalWidth &gt; 0, which confirms
the browser has fully fetched and decoded the image file.
naturalWidth stays 0 for broken or not-yet-loaded images.</doc>
<status status="PASS" start="2026-07-15T11:52:10.866958" elapsed="0.568225"/>
</kw>
<kw name="Get Element Count" owner="Browser">
<arg>.collection-preview-img</arg>
<arg>&gt;</arg>
<arg>0</arg>
<tag>Assertion</tag>
<tag>Getter</tag>
<tag>PageContent</tag>
<doc>Returns the count of elements found with ``selector``.</doc>
<status status="PASS" start="2026-07-15T11:52:11.435716" elapsed="0.008961"/>
</kw>
<kw name="Close Browser" owner="Browser" type="TEARDOWN">
<msg time="2026-07-15T11:52:12.078685" level="INFO">Closed browser</msg>
<tag>BrowserControl</tag>
<tag>Setter</tag>
<doc>Closes the current browser.</doc>
<status status="PASS" start="2026-07-15T11:52:11.445211" elapsed="0.633474"/>
</kw>
<doc>After the collections list loads, each card must show a
preview grid of up to 8 icons (class collection-preview-img,
48×48 px). The IntersectionObserver fires for visible cards
so at least one preview image must have loaded.</doc>
<status status="PASS" start="2026-07-15T11:52:06.221024" elapsed="5.857661"/>
</test>
<test id="s1-s2-t5" name="Opening A Collection Displays Icon Images" line="52">
<kw name="Open Iconify Navigator" owner="app" type="SETUP">
<kw name="New Browser" owner="Browser">
<msg time="2026-07-15T11:52:12.097683" level="INFO">{"browser": "chromium", "headless": false, "chromiumSandbox": false, "devtools": false, "handleSIGHUP": true, "handleSIGINT": true, "handleSIGTERM": true, "slowMo": 0.0, "timeout": 30000.0, "tracesDir": "C:\\Users\\saint\\progetti\\IconifyNavigator\\robot\\results\\react\\browser\\traces\\temp\\00798bda-22f7-46e1-8234-bdb7451e2b6c"}</msg>
<msg time="2026-07-15T11:52:13.038619" level="INFO">Successfully created browser with options: {"browser":"chromium","headless":false,"chromiumSandbox":false,"devtools":false,"handleSIGHUP":true,"handleSIGINT":true,"handleSIGTERM":true,"slowMo":0,"timeout":30000,"tracesDir":"C:\\Users\\saint\\progetti\\IconifyNavigator\\robot\\results\\react\\browser\\traces\\temp\\00798bda-22f7-46e1-8234-bdb7451e2b6c"}</msg>
<arg>${BROWSER_TYPE}</arg>
<arg>headless=${HEADLESS}</arg>
<tag>BrowserControl</tag>
<tag>Setter</tag>
<doc>Create a new playwright Browser with specified options.</doc>
<status status="PASS" start="2026-07-15T11:52:12.096684" elapsed="0.941935"/>
</kw>
<kw name="New Page" owner="Browser">
<msg time="2026-07-15T11:52:14.069763" level="INFO">Successfully initialized new page object and opened url: http://localhost:4300</msg>
<msg time="2026-07-15T11:52:14.069763" level="INFO">No context was open. New context was automatically opened when this page is created.</msg>
<arg>${APP_URL}</arg>
<tag>BrowserControl</tag>
<tag>Setter</tag>
<doc>Open a new Page.</doc>
<status status="PASS" start="2026-07-15T11:52:13.039620" elapsed="1.031139"/>
</kw>
<kw name="Wait For Elements State" owner="Browser">
<msg time="2026-07-15T11:52:14.144295" level="INFO">Waited for Element with selector h1 at state visible</msg>
<arg>h1</arg>
<arg>visible</arg>
<arg>timeout=10s</arg>
<tag>PageContent</tag>
<tag>Wait</tag>
<doc>Waits for the element found by ``selector`` to satisfy state option.</doc>
<status status="PASS" start="2026-07-15T11:52:14.070759" elapsed="0.073536"/>
</kw>
<doc>Opens a fresh browser window and navigates to the app.
Waits until the main heading is visible before returning.</doc>
<status status="PASS" start="2026-07-15T11:52:12.095685" elapsed="2.048610"/>
</kw>
<kw name="Collections Are Loaded" owner="app">
<kw name="Wait For Elements State" owner="Browser">
<msg time="2026-07-15T11:52:16.524461" level="INFO">Waited for Element with selector .collection-card &gt;&gt; nth=0 at state visible</msg>
<arg>.collection-card &gt;&gt; nth=0</arg>
<arg>visible</arg>
<arg>timeout=${COLLECTIONS_TIMEOUT}</arg>
<tag>PageContent</tag>
<tag>Wait</tag>
<doc>Waits for the element found by ``selector`` to satisfy state option.</doc>
<status status="PASS" start="2026-07-15T11:52:14.146300" elapsed="2.379171"/>
</kw>
<doc>Blocks until at least one collection card is visible,
meaning the /collections API call has completed.
Uses &gt;&gt; nth=0 to target the first card and avoid strict-mode
violations (the API returns 200+ collections).</doc>
<status status="PASS" start="2026-07-15T11:52:14.145296" elapsed="2.380175"/>
</kw>
<kw name="Open First Collection" owner="app">
<kw name="Click" owner="Browser">
<msg time="2026-07-15T11:52:16.527463" level="INFO">Clicks the element '.open-button &gt;&gt; nth=0'.</msg>
<arg>.open-button &gt;&gt; nth=0</arg>
<tag>PageContent</tag>
<tag>Setter</tag>
<doc>Simulates mouse click on the element found by ``selector``.</doc>
<status status="PASS" start="2026-07-15T11:52:16.526462" elapsed="0.342640"/>
</kw>
<kw name="Wait For Elements State" owner="Browser">
<msg time="2026-07-15T11:52:17.458364" level="INFO">Waited for Element with selector .icon-img &gt;&gt; nth=0 at state visible</msg>
<arg>.icon-img &gt;&gt; nth=0</arg>
<arg>visible</arg>
<arg>timeout=${ICONS_TIMEOUT}</arg>
<tag>PageContent</tag>
<tag>Wait</tag>
<doc>Waits for the element found by ``selector`` to satisfy state option.</doc>
<status status="PASS" start="2026-07-15T11:52:16.869102" elapsed="0.589262"/>
</kw>
<doc>Clicks the first "Open" button and waits until at least one
full-size icon image is rendered in the right panel.
Uses &gt;&gt; nth=0 to avoid strict-mode violations.</doc>
<status status="PASS" start="2026-07-15T11:52:16.526462" elapsed="0.931902"/>
</kw>
<kw name="Get Element Count" owner="Browser">
<arg>.right-panel .icon-img</arg>
<arg>&gt;</arg>
<arg>0</arg>
<tag>Assertion</tag>
<tag>Getter</tag>
<tag>PageContent</tag>
<doc>Returns the count of elements found with ``selector``.</doc>
<status status="PASS" start="2026-07-15T11:52:17.459361" elapsed="0.146846"/>
</kw>
<kw name="Wait For Image To Load" owner="app">
<kw name="Wait Until Keyword Succeeds" owner="BuiltIn">
<kw name="Image Should Be Loaded" owner="app">
<kw name="Evaluate JavaScript" owner="Browser">
<msg time="2026-07-15T11:52:17.832020" level="INFO">JavaScript executed successfully.</msg>
<msg time="2026-07-15T11:52:17.832020" level="INFO">${nw} = 16</msg>
<var>${nw}</var>
<arg>${selector}</arg>
<arg>el =&gt; el.naturalWidth</arg>
<tag>Getter</tag>
<tag>PageContent</tag>
<tag>Setter</tag>
<doc>Executes given javascript on the selected element(s) or on page.</doc>
<status status="PASS" start="2026-07-15T11:52:17.609191" elapsed="0.222829"/>
</kw>
<kw name="Should Be True" owner="BuiltIn">
<arg>${nw} &gt; 0</arg>
<arg>Image not yet loaded or broken: ${selector}</arg>
<doc>Fails if the given condition is not true.</doc>
<status status="PASS" start="2026-07-15T11:52:17.832020" elapsed="0.001001"/>
</kw>
<arg>${selector}</arg>
<doc>Single-attempt helper for Wait For Image To Load.
Fails immediately if the image has not finished loading.</doc>
<status status="PASS" start="2026-07-15T11:52:17.608212" elapsed="0.224809"/>
</kw>
<arg>${timeout}</arg>
<arg>500ms</arg>
<arg>Image Should Be Loaded</arg>
<arg>${selector}</arg>
<doc>Runs the specified keyword and retries if it fails.</doc>
<status status="PASS" start="2026-07-15T11:52:17.607203" elapsed="0.225818"/>
</kw>
<arg>.icon-img &gt;&gt; nth=0</arg>
<doc>Polls an img element until naturalWidth &gt; 0, which confirms
the browser has fully fetched and decoded the image file.
naturalWidth stays 0 for broken or not-yet-loaded images.</doc>
<status status="PASS" start="2026-07-15T11:52:17.606207" elapsed="0.227822"/>
</kw>
<kw name="Close Browser" owner="Browser" type="TEARDOWN">
<msg time="2026-07-15T11:52:18.285451" level="INFO">Closed browser</msg>
<tag>BrowserControl</tag>
<tag>Setter</tag>
<doc>Closes the current browser.</doc>
<status status="PASS" start="2026-07-15T11:52:17.834029" elapsed="0.451422"/>
</kw>
<doc>After clicking "Open" the right panel must show icon images
(class icon-img). At least one must have loaded (naturalWidth &gt; 0).</doc>
<status status="PASS" start="2026-07-15T11:52:12.089682" elapsed="6.196771"/>
</test>
<test id="s1-s2-t6" name="Opened Collection Section Heading Contains Collection Name" line="60">
<kw name="Open Iconify Navigator" owner="app" type="SETUP">
<kw name="New Browser" owner="Browser">
<msg time="2026-07-15T11:52:18.308452" level="INFO">{"browser": "chromium", "headless": false, "chromiumSandbox": false, "devtools": false, "handleSIGHUP": true, "handleSIGINT": true, "handleSIGTERM": true, "slowMo": 0.0, "timeout": 30000.0, "tracesDir": "C:\\Users\\saint\\progetti\\IconifyNavigator\\robot\\results\\react\\browser\\traces\\temp\\ed120b59-e409-4a0f-b6ca-2e3f8094f3a5"}</msg>
<msg time="2026-07-15T11:52:19.218678" level="INFO">Successfully created browser with options: {"browser":"chromium","headless":false,"chromiumSandbox":false,"devtools":false,"handleSIGHUP":true,"handleSIGINT":true,"handleSIGTERM":true,"slowMo":0,"timeout":30000,"tracesDir":"C:\\Users\\saint\\progetti\\IconifyNavigator\\robot\\results\\react\\browser\\traces\\temp\\ed120b59-e409-4a0f-b6ca-2e3f8094f3a5"}</msg>
<arg>${BROWSER_TYPE}</arg>
<arg>headless=${HEADLESS}</arg>
<tag>BrowserControl</tag>
<tag>Setter</tag>
<doc>Create a new playwright Browser with specified options.</doc>
<status status="PASS" start="2026-07-15T11:52:18.307452" elapsed="0.911226"/>
</kw>
<kw name="New Page" owner="Browser">
<msg time="2026-07-15T11:52:20.064984" level="INFO">Successfully initialized new page object and opened url: http://localhost:4300</msg>
<msg time="2026-07-15T11:52:20.065983" level="INFO">No context was open. New context was automatically opened when this page is created.</msg>
<arg>${APP_URL}</arg>
<tag>BrowserControl</tag>
<tag>Setter</tag>
<doc>Open a new Page.</doc>
<status status="PASS" start="2026-07-15T11:52:19.219676" elapsed="0.846307"/>
</kw>
<kw name="Wait For Elements State" owner="Browser">
<msg time="2026-07-15T11:52:20.162643" level="INFO">Waited for Element with selector h1 at state visible</msg>
<arg>h1</arg>
<arg>visible</arg>
<arg>timeout=10s</arg>
<tag>PageContent</tag>
<tag>Wait</tag>
<doc>Waits for the element found by ``selector`` to satisfy state option.</doc>
<status status="PASS" start="2026-07-15T11:52:20.066984" elapsed="0.095659"/>
</kw>
<doc>Opens a fresh browser window and navigates to the app.
Waits until the main heading is visible before returning.</doc>
<status status="PASS" start="2026-07-15T11:52:18.306454" elapsed="1.856189"/>
</kw>
<kw name="Collections Are Loaded" owner="app">
<kw name="Wait For Elements State" owner="Browser">
<msg time="2026-07-15T11:52:22.576758" level="INFO">Waited for Element with selector .collection-card &gt;&gt; nth=0 at state visible</msg>
<arg>.collection-card &gt;&gt; nth=0</arg>
<arg>visible</arg>
<arg>timeout=${COLLECTIONS_TIMEOUT}</arg>
<tag>PageContent</tag>
<tag>Wait</tag>
<doc>Waits for the element found by ``selector`` to satisfy state option.</doc>
<status status="PASS" start="2026-07-15T11:52:20.164643" elapsed="2.413120"/>
</kw>
<doc>Blocks until at least one collection card is visible,
meaning the /collections API call has completed.
Uses &gt;&gt; nth=0 to target the first card and avoid strict-mode
violations (the API returns 200+ collections).</doc>
<status status="PASS" start="2026-07-15T11:52:20.163643" elapsed="2.414120"/>
</kw>
<kw name="Open First Collection" owner="app">
<kw name="Click" owner="Browser">
<msg time="2026-07-15T11:52:22.581759" level="INFO">Clicks the element '.open-button &gt;&gt; nth=0'.</msg>
<arg>.open-button &gt;&gt; nth=0</arg>
<tag>PageContent</tag>
<tag>Setter</tag>
<doc>Simulates mouse click on the element found by ``selector``.</doc>
<status status="PASS" start="2026-07-15T11:52:22.579758" elapsed="0.356721"/>
</kw>
<kw name="Wait For Elements State" owner="Browser">
<msg time="2026-07-15T11:52:22.957126" level="INFO">Waited for Element with selector .icon-img &gt;&gt; nth=0 at state visible</msg>
<arg>.icon-img &gt;&gt; nth=0</arg>
<arg>visible</arg>
<arg>timeout=${ICONS_TIMEOUT}</arg>
<tag>PageContent</tag>
<tag>Wait</tag>
<doc>Waits for the element found by ``selector`` to satisfy state option.</doc>
<status status="PASS" start="2026-07-15T11:52:22.936479" elapsed="0.021639"/>
</kw>
<doc>Clicks the first "Open" button and waits until at least one
full-size icon image is rendered in the right panel.
Uses &gt;&gt; nth=0 to avoid strict-mode violations.</doc>
<status status="PASS" start="2026-07-15T11:52:22.578759" elapsed="0.379359"/>
</kw>
<kw name="Get Text" owner="Browser">
<msg time="2026-07-15T11:52:23.011621" level="INFO">Text: ['Material Symbols - Icons']</msg>
<arg>h2 &gt;&gt; nth=1</arg>
<arg>contains</arg>
<arg>- Icons</arg>
<tag>Assertion</tag>
<tag>Getter</tag>
<tag>PageContent</tag>
<doc>Returns text attribute of the element found by ``selector``.</doc>
<status status="PASS" start="2026-07-15T11:52:22.958118" elapsed="0.053503"/>
</kw>
<kw name="Close Browser" owner="Browser" type="TEARDOWN">
<msg time="2026-07-15T11:52:23.645014" level="INFO">Closed browser</msg>
<tag>BrowserControl</tag>
<tag>Setter</tag>
<doc>Closes the current browser.</doc>
<status status="PASS" start="2026-07-15T11:52:23.011621" elapsed="0.634395"/>
</kw>
<doc>The right-panel heading must follow the pattern
"&lt;Collection Name&gt; - Icons" so the user knows which set is open.
The second h2 on the page belongs to the right panel.</doc>
<status status="PASS" start="2026-07-15T11:52:18.299451" elapsed="5.346565"/>
</test>
<test id="s1-s2-t7" name="Opening A Different Collection Replaces Previous Icons" line="68">
<kw name="Open Iconify Navigator" owner="app" type="SETUP">
<kw name="New Browser" owner="Browser">
<msg time="2026-07-15T11:52:23.663532" level="INFO">{"browser": "chromium", "headless": false, "chromiumSandbox": false, "devtools": false, "handleSIGHUP": true, "handleSIGINT": true, "handleSIGTERM": true, "slowMo": 0.0, "timeout": 30000.0, "tracesDir": "C:\\Users\\saint\\progetti\\IconifyNavigator\\robot\\results\\react\\browser\\traces\\temp\\e0bbb82c-68e2-4290-a67a-7ba9dd4284e0"}</msg>
<msg time="2026-07-15T11:52:24.572468" level="INFO">Successfully created browser with options: {"browser":"chromium","headless":false,"chromiumSandbox":false,"devtools":false,"handleSIGHUP":true,"handleSIGINT":true,"handleSIGTERM":true,"slowMo":0,"timeout":30000,"tracesDir":"C:\\Users\\saint\\progetti\\IconifyNavigator\\robot\\results\\react\\browser\\traces\\temp\\e0bbb82c-68e2-4290-a67a-7ba9dd4284e0"}</msg>
<arg>${BROWSER_TYPE}</arg>
<arg>headless=${HEADLESS}</arg>
<tag>BrowserControl</tag>
<tag>Setter</tag>
<doc>Create a new playwright Browser with specified options.</doc>
<status status="PASS" start="2026-07-15T11:52:23.662527" elapsed="0.909941"/>
</kw>
<kw name="New Page" owner="Browser">
<msg time="2026-07-15T11:52:25.509027" level="INFO">Successfully initialized new page object and opened url: http://localhost:4300</msg>
<msg time="2026-07-15T11:52:25.509027" level="INFO">No context was open. New context was automatically opened when this page is created.</msg>
<arg>${APP_URL}</arg>
<tag>BrowserControl</tag>
<tag>Setter</tag>
<doc>Open a new Page.</doc>
<status status="PASS" start="2026-07-15T11:52:24.573470" elapsed="0.935557"/>
</kw>
<kw name="Wait For Elements State" owner="Browser">
<msg time="2026-07-15T11:52:25.587325" level="INFO">Waited for Element with selector h1 at state visible</msg>
<arg>h1</arg>
<arg>visible</arg>
<arg>timeout=10s</arg>
<tag>PageContent</tag>
<tag>Wait</tag>
<doc>Waits for the element found by ``selector`` to satisfy state option.</doc>
<status status="PASS" start="2026-07-15T11:52:25.510028" elapsed="0.077297"/>
</kw>
<doc>Opens a fresh browser window and navigates to the app.
Waits until the main heading is visible before returning.</doc>
<status status="PASS" start="2026-07-15T11:52:23.661529" elapsed="1.925796"/>
</kw>
<kw name="Collections Are Loaded" owner="app">
<kw name="Wait For Elements State" owner="Browser">
<msg time="2026-07-15T11:52:28.020829" level="INFO">Waited for Element with selector .collection-card &gt;&gt; nth=0 at state visible</msg>
<arg>.collection-card &gt;&gt; nth=0</arg>
<arg>visible</arg>
<arg>timeout=${COLLECTIONS_TIMEOUT}</arg>
<tag>PageContent</tag>
<tag>Wait</tag>
<doc>Waits for the element found by ``selector`` to satisfy state option.</doc>
<status status="PASS" start="2026-07-15T11:52:25.589328" elapsed="2.431501"/>
</kw>
<doc>Blocks until at least one collection card is visible,
meaning the /collections API call has completed.
Uses &gt;&gt; nth=0 to target the first card and avoid strict-mode
violations (the API returns 200+ collections).</doc>
<status status="PASS" start="2026-07-15T11:52:25.588327" elapsed="2.432502"/>
</kw>
<kw name="Click" owner="Browser">
<msg time="2026-07-15T11:52:28.021829" level="INFO">Clicks the element '.open-button &gt;&gt; nth=0'.</msg>
<arg>.open-button &gt;&gt; nth=0</arg>
<tag>PageContent</tag>
<tag>Setter</tag>
<doc>Simulates mouse click on the element found by ``selector``.</doc>
<status status="PASS" start="2026-07-15T11:52:28.021829" elapsed="0.448386"/>
</kw>
<kw name="Wait For Elements State" owner="Browser">
<msg time="2026-07-15T11:52:28.495215" level="INFO">Waited for Element with selector .icon-img &gt;&gt; nth=0 at state visible</msg>
<arg>.icon-img &gt;&gt; nth=0</arg>
<arg>visible</arg>
<arg>timeout=${ICONS_TIMEOUT}</arg>
<tag>PageContent</tag>
<tag>Wait</tag>
<doc>Waits for the element found by ``selector`` to satisfy state option.</doc>
<status status="PASS" start="2026-07-15T11:52:28.470215" elapsed="0.025000"/>
</kw>
<kw name="Get Text" owner="Browser">
<msg time="2026-07-15T11:52:28.554230" level="INFO">Text: ['Material Symbols - Icons']</msg>
<msg time="2026-07-15T11:52:28.554230" level="INFO">${first_heading} = Material Symbols - Icons</msg>
<var>${first_heading}</var>
<arg>h2 &gt;&gt; nth=1</arg>
<tag>Assertion</tag>
<tag>Getter</tag>
<tag>PageContent</tag>
<doc>Returns text attribute of the element found by ``selector``.</doc>
<status status="PASS" start="2026-07-15T11:52:28.495215" elapsed="0.059015"/>
</kw>
<kw name="Click" owner="Browser">
<msg time="2026-07-15T11:52:28.555227" level="INFO">Clicks the element '.open-button &gt;&gt; nth=1'.</msg>
<arg>.open-button &gt;&gt; nth=1</arg>
<tag>PageContent</tag>
<tag>Setter</tag>
<doc>Simulates mouse click on the element found by ``selector``.</doc>
<status status="PASS" start="2026-07-15T11:52:28.554230" elapsed="2.315080"/>
</kw>
<kw name="Wait Until Keyword Succeeds" owner="BuiltIn">
<kw name="Heading Should Change" owner="app">
<kw name="Get Text" owner="Browser">
<msg time="2026-07-15T11:52:31.681221" level="INFO">Text: ['Material Symbols Light - Icons']</msg>
<msg time="2026-07-15T11:52:31.682220" level="INFO">${current} = Material Symbols Light - Icons</msg>
<var>${current}</var>
<arg>h2 &gt;&gt; nth=1</arg>
<tag>Assertion</tag>
<tag>Getter</tag>
<tag>PageContent</tag>
<doc>Returns text attribute of the element found by ``selector``.</doc>
<status status="PASS" start="2026-07-15T11:52:30.871329" elapsed="0.810891"/>
</kw>
<kw name="Should Not Be Equal" owner="BuiltIn">
<arg>${current}</arg>
<arg>${old_heading}</arg>
<doc>Fails if the given objects are equal.</doc>
<status status="PASS" start="2026-07-15T11:52:31.682220" elapsed="0.000999"/>
</kw>
<arg>${first_heading}</arg>
<doc>Asserts that the second h2 on the page no longer contains
the provided text. Used to verify the right panel updated.</doc>
<status status="PASS" start="2026-07-15T11:52:30.870313" elapsed="0.812906"/>
</kw>
<arg>15s</arg>
<arg>500ms</arg>
<arg>Heading Should Change</arg>
<arg>${first_heading}</arg>
<doc>Runs the specified keyword and retries if it fails.</doc>
<status status="PASS" start="2026-07-15T11:52:30.869310" elapsed="0.814909"/>
</kw>
<kw name="Get Element Count" owner="Browser">
<arg>.right-panel .icon-img</arg>
<arg>&gt;</arg>
<arg>0</arg>
<tag>Assertion</tag>
<tag>Getter</tag>
<tag>PageContent</tag>
<doc>Returns the count of elements found with ``selector``.</doc>
<status status="PASS" start="2026-07-15T11:52:31.684219" elapsed="0.047000"/>
</kw>
<kw name="Close Browser" owner="Browser" type="TEARDOWN">
<msg time="2026-07-15T11:52:32.237980" level="INFO">Closed browser</msg>
<tag>BrowserControl</tag>
<tag>Setter</tag>
<doc>Closes the current browser.</doc>
<status status="PASS" start="2026-07-15T11:52:31.731219" elapsed="0.507763"/>
</kw>
<doc>Clicking "Open" on a second collection must replace the
right-panel content with that collection's icons.
The heading changes, confirming the panel was updated.</doc>
<status status="PASS" start="2026-07-15T11:52:23.654014" elapsed="8.584968"/>
</test>
<doc>Acceptance tests for Iconify Navigator — release 0.0.2.

Criteria:
- The view is split into left (collection list) and right (icon detail) panels.
- Each collection card displays Name, Category, Tags plus the first 8 icons
  as a 2×4 preview grid (48×48 px each, class collection-preview-img).
- Each card has an "Open" button (label: Open).
- Pressing Open shows the full icon set in the right panel.
- Pressing Open on the already-displayed collection does nothing.
- Pressing Open on a different collection replaces the right-panel content.
- The right panel scrolls; icons must have non-zero dimensions.

Prerequisites: the app must be running on http://localhost:4300.</doc>
<status status="PASS" start="2026-07-15T11:51:52.039068" elapsed="40.222596"/>
</suite>
<status status="PASS" start="2026-07-15T11:51:37.691806" elapsed="54.589379"/>
</suite>
<statistics>
<total>
<stat pass="10" fail="0" skip="0">All Tests</stat>
</total>
<tag>
</tag>
<suite>
<stat name="Tests" id="s1" pass="10" fail="0" skip="0">Tests</stat>
<stat name="V0.0.1 Acceptance" id="s1-s1" pass="3" fail="0" skip="0">Tests.V0.0.1 Acceptance</stat>
<stat name="V0.0.2 Acceptance" id="s1-s2" pass="7" fail="0" skip="0">Tests.V0.0.2 Acceptance</stat>
</suite>
</statistics>
<errors>
</errors>
</robot>
